{
  "checkpoint": {
    "latest_checkpoint": "runs/lanes/w7_ballretrain2_20260709/arm_finetunes/E3k_matched_seed_official_aug/checkpoints/latest.pt",
    "loaded_state_sha256": "5a5dbee30ac1507bc69945e9924a862586f2c01b7cc9cf415ff5459b960408df",
    "round_trip_state_sha256_match": true,
    "state_sha256": "5a5dbee30ac1507bc69945e9924a862586f2c01b7cc9cf415ff5459b960408df",
    "step": 2372
  },
  "loss": {
    "count": 1456,
    "first": 0.0008294071303680539,
    "last": 0.001038048416376114,
    "strictly_decreased": false,
    "values": [
      0.0008294071303680539,
      0.0009054177207872272,
      0.0009752773912623525,
      0.0011098209070041776,
      0.0011189854703843594,
      0.001675762003287673,
      0.0006838827976025641,
      0.0007437774329446256,
      0.0007985330885276198,
      0.0006379673141054809,
      0.0007228925824165344,
      0.0011903903214260936,
      0.0004886621609330177,
      0.001210934715345502,
      0.001100212219171226,
      0.0008290448458865285,
      0.0010590124875307083,
      0.0011174820829182863,
      0.0011943401768803596,
      0.000625914428383112,
      0.0012440829304978251,
      0.0009379364782944322,
      0.0009035238763317466,
      0.00109799113124609,
      0.0007017511525191367,
      0.0015838595572859049,
      0.0008927901508286595,
      0.0010456822346895933,
      0.000917700061108917,
      0.000814851897303015,
      0.0011307732202112675,
      0.001033838838338852,
      0.0009309293236583471,
      0.0007447029929608107,
      0.0012725259875878692,
      0.0010703273583203554,
      0.001171309850178659,
      0.0009177226456813514,
      0.001019589719362557,
      0.0008911344921216369,
      0.0009308387525379658,
      0.0011507589370012283,
      0.0011794798774644732,
      0.0008807634003460407,
      0.0008785477839410305,
      0.0009648608975112438,
      0.0007294381503015757,
      0.0006017740815877914,
      0.001025081262923777,
      0.0007349691004492342,
      0.001205504173412919,
      0.0015412806533277035,
      0.0013867472298443317,
      0.0006879130378365517,
      0.0008696274599060416,
      0.0013989806175231934,
      0.0009162156493403018,
      0.0011137875262647867,
      0.0009354655048809946,
      0.0011087099555879831,
      0.0011716445442289114,
      0.0012228013947606087,
      0.0010359109146520495,
      0.001366381417028606,
      0.0010542843956500292,
      0.0010185600258409977,
      0.0010665334993973374,
      0.0010248302714899182,
      0.0009473559912294149,
      0.0007865324150770903,
      0.0009587965905666351,
      0.000922527106013149,
      0.0010147754801437259,
      0.0012298759538680315,
      0.0009683374082669616,
      0.0009219247731380165,
      0.0008317147148773074,
      0.0010429489193484187,
      0.0009483364992775023,
      0.0008722009370103478,
      0.0008702423656359315,
      0.0009168459218926728,
      0.001697341213002801,
      0.0011210695374757051,
      0.001795477233827114,
      0.0012761576799675822,
      0.0010223158169537783,
      0.0010660544503480196,
      0.0014411017764359713,
      0.0009026275365613401,
      0.0016009326791390777,
      0.0012002334697172046,
      0.0008026902796700597,
      0.0008831499144434929,
      0.000753649219404906,
      0.0011036449577659369,
      0.001349812257103622,
      0.0011611313093453646,
      0.0008842702955007553,
      0.0007504546083509922,
      0.0010973484022542834,
      0.0009359570685774088,
      0.0009145867661572993,
      0.0011191163212060928,
      0.001094471663236618,
      0.000928820576518774,
      0.000955800642259419,
      0.0006679506623186171,
      0.0009397038957104087,
      0.0012144993524998426,
      0.0009333980269730091,
      0.0010549952276051044,
      0.0010144965490326285,
      0.0010900413617491722,
      0.0008255008142441511,
      0.0010187068255618215,
      0.0016000107862055302,
      0.0020759953185915947,
      0.0012747333385050297,
      0.0012565591605380177,
      0.0005972649669274688,
      0.0009669122518971562,
      0.0008483167039230466,
      0.0010352728422731161,
      0.00116656010504812,
      0.0009980639442801476,
      0.0012028524652123451,
      0.0011563587468117476,
      0.0021071573719382286,
      0.0013760612346231937,
      0.0007954487227834761,
      0.0009695898625068367,
      0.0008393852622248232,
      0.0008808913989923894,
      0.000985755119472742,
      0.0015418106922879815,
      0.0010154166957363486,
      0.001071901642717421,
      0.0020699112210422754,
      0.0014602598967030644,
      0.0009123354102484882,
      0.0010251195635646582,
      0.0010512967128306627,
      0.001549423672258854,
      0.0009165139636024833,
      0.0010515237227082253,
      0.001475995290093124,
      0.0007453272119164467,
      0.000957500422373414,
      0.0011293507413938642,
      0.000708456733264029,
      0.0014215658884495497,
      0.001411263132467866,
      0.0012481746962293983,
      0.0009903446771204472,
      0.0008631575619801879,
      0.001505404245108366,
      0.000941353035159409,
      0.001753075746819377,
      0.0009851785143837333,
      0.0010350055526942015,
      0.001078450703062117,
      0.001125057809986174,
      0.0013435623841360211,
      0.001080180169083178,
      0.0013235246296972036,
      0.0010985000990331173,
      0.0015734500484541059,
      0.0013390174135565758,
      0.0014099088730290532,
      0.0014969786861911416,
      0.0006089292000979185,
      0.0011847058776766062,
      0.0010529409628361464,
      0.0015007874462753534,
      0.0016397760482504964,
      0.001130791730247438,
      0.0010454149451106787,
      0.0015506548807024956,
      0.0009592560236342251,
      0.0010507439728826284,
      0.0012321583926677704,
      0.0012682037195190787,
      0.001081436756066978,
      0.0009098527953028679,
      0.0010966216214001179,
      0.0011147758923470974,
      0.0009434565436094999,
      0.0011680572060868144,
      0.0010885314550250769,
      0.000938566168770194,
      0.0009090072708204389,
      0.0009620134369470179,
      0.002059103222563863,
      0.0013834189157932997,
      0.0010620312532410026,
      0.0009870852809399366,
      0.0007813822012394667,
      0.0009165119845420122,
      0.0012008869089186192,
      0.001052758190780878,
      0.0013925547245889902,
      0.0015438906848430634,
      0.0012388026807457209,
      0.001296646543778479,
      0.001380295492708683,
      0.000903952750377357,
      0.0009096486028283834,
      0.0007849420653656125,
      0.0010265116579830647,
      0.0008583582821302116,
      0.0011699997121468186,
      0.0009325298015028238,
      0.0009683737880550325,
      0.001917902147397399,
      0.0008734250441193581,
      0.0009340168908238411,
      0.0012491769157350063,
      0.0004755609552375972,
      0.0010553196771070361,
      0.001011541811749339,
      0.0009760372340679169,
      0.001352239167317748,
      0.0009094026172533631,
      0.0007859619800001383,
      0.0009263586835004389,
      0.0011089389445260167,
      0.0011953823268413544,
      0.0008718755561858416,
      0.001036480301991105,
      0.0010137299541383982,
      0.0012146895751357079,
      0.0013062217039987445,
      0.0008910751203075051,
      0.0008828490390442312,
      0.0010143918916583061,
      0.0010250277118757367,
      0.0013309039641171694,
      0.0010832598200067878,
      0.0009754415950737894,
      0.0008473899215459824,
      0.0011634198017418385,
      0.0010717555414885283,
      0.0009575053700245917,
      0.0010201084660366178,
      0.001145064365118742,
      0.0009498513536527753,
      0.0010877426248043776,
      0.001399974338710308,
      0.00128510023932904,
      0.001204715808853507,
      0.0010535548208281398,
      0.0008145341416820884,
      0.0015883868327364326,
      0.0008255095453932881,
      0.0008535822271369398,
      0.0007315966067835689,
      0.0011503818677738309,
      0.0012603937648236752,
      0.0016151271993294358,
      0.0008907607989385724,
      0.0010911183198913932,
      0.0015319624217227101,
      0.0010361580643802881,
      0.0009816245874390006,
      0.0019294421654194593,
      0.0017394005553796887,
      0.001560503849759698,
      0.0010300434660166502,
      0.0010106039699167013,
      0.0011004885891452432,
      0.0012110472889617085,
      0.0010328751523047686,
      0.0011120043927803636,
      0.0009492373210377991,
      0.0010867355158552527,
      0.0010342956520617008,
      0.0010585859417915344,
      0.0011556587414816022,
      0.0009022194426506758,
      0.0011241983156651258,
      0.0008796080364845693,
      0.0009516691789031029,
      0.0008100519771687686,
      0.0011545290471985936,
      0.0007495396421290934,
      0.0011645449558272958,
      0.0017359079793095589,
      0.001153965131379664,
      0.0010432987473905087,
      0.0010376670397818089,
      0.0010191460605710745,
      0.001021967502310872,
      0.0007394998101517558,
      0.0007482403889298439,
      0.0010960663203150034,
      0.001095519750379026,
      0.0008797033224254847,
      0.0008180421427823603,
      0.0012520130258053541,
      0.001077139750123024,
      0.0012146742083132267,
      0.0008340320200659335,
      0.0012355062644928694,
      0.0009163862559944391,
      0.0018659270135685802,
      0.0010180259123444557,
      0.0014318651519715786,
      0.0010835259454324841,
      0.0013203229755163193,
      0.0010501438518986106,
      0.0008536947425454855,
      0.0007776082493364811,
      0.001056949025951326,
      0.0012343211565166712,
      0.0010311262449249625,
      0.0011985325254499912,
      0.001073584659025073,
      0.0010627921437844634,
      0.0010786260245367885,
      0.0012747702421620488,
      0.0009580157930031419,
      0.0009290464222431183,
      0.0008795924368314445,
      0.001185668632388115,
      0.0014558702241629362,
      0.0008861136739142239,
      0.0013849545503035188,
      0.0011253717821091413,
      0.0008603770984336734,
      0.0009280192898586392,
      0.0012260826770216227,
      0.000790000834967941,
      0.0013162684626877308,
      0.001517332624644041,
      0.0008699327590875328,
      0.0009432232473045588,
      0.0011551408097147942,
      0.0012817016104236245,
      0.0008895299979485571,
      0.0008967621251940727,
      0.0011175310937687755,
      0.000872903736308217,
      0.0014615999534726143,
      0.0010442731436342,
      0.0009452421800233424,
      0.0008941272972151637,
      0.0007381051545962691,
      0.0010378607548773289,
      0.0009176816092804074,
      0.0010218016104772687,
      0.0009880638681352139,
      0.0010192239424213767,
      0.0010349408257752657,
      0.0009314034832641482,
      0.000879025727044791,
      0.0008895942009985447,
      0.001077550696209073,
      0.0007485281676054001,
      0.0007602266268804669,
      0.0011769435368478298,
      0.0012003801530227065,
      0.0007540901424363256,
      0.0008631583186797798,
      0.0011654321569949389,
      0.0010034546721726656,
      0.0010537144262343645,
      0.002386098727583885,
      0.0010275267995893955,
      0.0008925462607294321,
      0.0011634139809757471,
      0.001157482503913343,
      0.0007445681840181351,
      0.0008772190194576979,
      0.0012952049728482962,
      0.0010270620696246624,
      0.0016060504131019115,
      0.0010208268649876118,
      0.0006161356577649713,
      0.0010373317636549473,
      0.0010396905709058046,
      0.0009943220065906644,
      0.0010251618223264813,
      0.0008157910197041929,
      0.0010446165688335896,
      0.0009887984488159418,
      0.0011359512573108077,
      0.0007398892776109278,
      0.0018227300606667995,
      0.0008805533871054649,
      0.0014171164948493242,
      0.0011241512838751078,
      0.0009226140682585537,
      0.0011929834727197886,
      0.0009711462189443409,
      0.0007489864365197718,
      0.0007497044280171394,
      0.0009148963144980371,
      0.0007403680356219411,
      0.001028573140501976,
      0.0014595622196793556,
      0.0010119332000613213,
      0.0009278781362809241,
      0.0011887933360412717,
      0.0012224246747791767,
      0.0009372837375849485,
      0.0011585347820073366,
      0.001069887075573206,
      0.0010514993919059634,
      0.0006004023016430438,
      0.0009286724962294102,
      0.0008077621459960938,
      0.000948742323089391,
      0.0013084467500448227,
      0.0005974528612568974,
      0.000990099972113967,
      0.0011253987904638052,
      0.001258469419553876,
      0.0010441173799335957,
      0.0007507257396355271,
      0.0009126428049057722,
      0.0009692340390756726,
      0.0010582414688542485,
      0.0011351589346304536,
      0.001176734920591116,
      0.001601876225322485,
      0.0008503500139340758,
      0.001120731234550476,
      0.0009248655987903476,
      0.001094867242500186,
      0.0010425553191453218,
      0.001030200975947082,
      0.0008938476676121354,
      0.0015445246826857328,
      0.00102699501439929,
      0.0008796675829216838,
      0.0009071039967238903,
      0.0010134761687368155,
      0.0009350000764243305,
      0.001278578070923686,
      0.0005965205491520464,
      0.0011351052671670914,
      0.0020769252441823483,
      0.0008704653009772301,
      0.001008109888061881,
      0.0011047219159081578,
      0.0012401118874549866,
      0.0011517665116116405,
      0.001028041122481227,
      0.0008637793362140656,
      0.0010359995067119598,
      0.0015186358941718936,
      0.0008801958756521344,
      0.0009453728562220931,
      0.0007795142591930926,
      0.001047873985953629,
      0.0011743362993001938,
      0.001063547097146511,
      0.0011188308708369732,
      0.001195511780679226,
      0.001027227845042944,
      0.0010411650873720646,
      0.0010266515891999006,
      0.0010087914997711778,
      0.0016321013681590557,
      0.0010722917504608631,
      0.0011667093494907022,
      0.0013462158385664225,
      0.001112265046685934,
      0.000962920137681067,
      0.001261894591152668,
      0.0005934008513577282,
      0.0010644333669915795,
      0.0009123484487645328,
      0.0009054911788553,
      0.0012512884568423033,
      0.0012736960779875517,
      0.0011593532981351018,
      0.0012330471072345972,
      0.0010877128224819899,
      0.0011941703269258142,
      0.0010855029104277492,
      0.0013573139440268278,
      0.0015057872515171766,
      0.0009620756027288735,
      0.001210178597830236,
      0.0010626279981806874,
      0.0007372340187430382,
      0.001178358099423349,
      0.001136921113356948,
      0.0012052415404468775,
      0.0011556734098121524,
      0.0012568952515721321,
      0.001301799202337861,
      0.0008743777871131897,
      0.0013287343317642808,
      0.0011675120331346989,
      0.0011947373859584332,
      0.0008885103743523359,
      0.0009283171966671944,
      0.0008864377741701901,
      0.0008740488556213677,
      0.000737918948289007,
      0.0011808633571490645,
      0.0017222391907125711,
      0.0013577255886048079,
      0.00117353699170053,
      0.0018001693533733487,
      0.000985101331025362,
      0.0009935671696439385,
      0.0010227268794551492,
      0.0007791205425746739,
      0.0008366216206923127,
      0.0010211823973804712,
      0.0009677427005954087,
      0.0010606253053992987,
      0.0011822846718132496,
      0.0011192657984793186,
      0.000919683719985187,
      0.0012150838738307357,
      0.0012209077831357718,
      0.0011262831976637244,
      0.0012216148898005486,
      0.0010418740566819906,
      0.0010650306940078735,
      0.000749124214053154,
      0.0008237416041083634,
      0.0008959958213381469,
      0.0006440393626689911,
      0.0012116569560021162,
      0.0008612687233835459,
      0.0009397125686518848,
      0.0012373054632917047,
      0.0009374587098136544,
      0.0013493443839251995,
      0.0009838652331382036,
      0.0009911569068208337,
      0.0010175530333071947,
      0.0007750913500785828,
      0.0015107984654605389,
      0.00115952268242836,
      0.0008682103944011033,
      0.0008904558490030468,
      0.0010492035653442144,
      0.0009083505719900131,
      0.0006886271294206381,
      0.0009337926749140024,
      0.0010762880556285381,
      0.0007744583417661488,
      0.0010583432158455253,
      0.0010851058177649975,
      0.0010645831935107708,
      0.0007405710639432073,
      0.0008854025509208441,
      0.0018032172229140997,
      0.0005980450659990311,
      0.001141512067988515,
      0.001042059389874339,
      0.000743068871088326,
      0.0010427865199744701,
      0.0010302510345354676,
      0.001562617952004075,
      0.0009118153247982264,
      0.0007286237087100744,
      0.0010306101758033037,
      0.0010343212634325027,
      0.0017182163428515196,
      0.000876605452504009,
      0.00109528424218297,
      0.0016160248778760433,
      0.0007482577348127961,
      0.0007699764100834727,
      0.0011758762411773205,
      0.0010609005112200975,
      0.0011563951848074794,
      0.0009091755491681397,
      0.0007500636274926364,
      0.000771609484218061,
      0.0013269484043121338,
      0.0010757766431197524,
      0.0010753576643764973,
      0.0010250640334561467,
      0.0015567056834697723,
      0.001237577060237527,
      0.0008819173090159893,
      0.0006128005916252732,
      0.0012311595492064953,
      0.0017075244104489684,
      0.0012469629291445017,
      0.0013985303230583668,
      0.0008661154424771667,
      0.0010881071211770177,
      0.0009707420831546187,
      0.00134413898922503,
      0.001666506752371788,
      0.0010459870100021362,
      0.0015749218873679638,
      0.0009956078138202429,
      0.0011380447540432215,
      0.0011499117827042937,
      0.0010002795606851578,
      0.0007199172396212816,
      0.001194699783809483,
      0.0010174481431022286,
      0.0009593098075129092,
      0.0011396632762625813,
      0.001160367508418858,
      0.0009665015968494117,
      0.0010537444613873959,
      0.0007577023934572935,
      0.001150049502030015,
      0.0007655681110918522,
      0.0008631032542325556,
      0.0009055742411874235,
      0.0008978961850516498,
      0.0006016325205564499,
      0.0012045619077980518,
      0.0007533861207775772,
      0.0014094571815803647,
      0.0012527358485385776,
      0.0008671906543895602,
      0.000739895855076611,
      0.0012560583418235183,
      0.0007368309306912124,
      0.001027910620905459,
      0.0010541558731347322,
      0.0010889493860304356,
      0.0006607665563933551,
      0.0009684994583949447,
      0.0009563587373122573,
      0.0005991664947941899,
      0.0009040799341164529,
      0.0010190841276198626,
      0.0014480181271210313,
      0.001618547597900033,
      0.0008848568540997803,
      0.0012200968340039253,
      0.0012402859283611178,
      0.0012930496595799923,
      0.001148607349023223,
      0.0008616133709438145,
      0.000863417109940201,
      0.001039610244333744,
      0.0008173048263415694,
      0.0010269086342304945,
      0.0009396074456162751,
      0.0010327904019504786,
      0.0011141382856294513,
      0.0011943373829126358,
      0.001726877992041409,
      0.00116756372153759,
      0.0006013039965182543,
      0.0006353689823299646,
      0.0011253999546170235,
      0.002356479875743389,
      0.0008949703187681735,
      0.0008787036058492959,
      0.0008718583267182112,
      0.0010160306701436639,
      0.0009223092929460108,
      0.0013837178703397512,
      0.0010945008834823966,
      0.0010190970497205853,
      0.0011524506844580173,
      0.0008870294550433755,
      0.001185536733828485,
      0.0011024520499631763,
      0.000994024332612753,
      0.0010139350779354572,
      0.0007433968130499125,
      0.0007460150518454611,
      0.0009088680963031948,
      0.0012195489834994078,
      0.001082872156985104,
      0.0010091497097164392,
      0.001008736900985241,
      0.0008735810406506062,
      0.0008661167812533677,
      0.0011567578185349703,
      0.0012552026892080903,
      0.0015690070576965809,
      0.0013297749683260918,
      0.0010491044959053397,
      0.0010566901182755828,
      0.0007574858027510345,
      0.001210879534482956,
      0.0010165616404265165,
      0.0010602624388411641,
      0.0015166287776082754,
      0.000881665968336165,
      0.0010553153697401285,
      0.0016370660159736872,
      0.001035899855196476,
      0.001015948597341776,
      0.0010727203916758299,
      0.0010310574434697628,
      0.0007272372022271156,
      0.0007376153953373432,
      0.0010736023541539907,
      0.0006848251214250922,
      0.0009554961579851806,
      0.0007750318036414683,
      0.0009009910863824189,
      0.0012800961267203093,
      0.0010092351585626602,
      0.000868704286403954,
      0.0011407535057514906,
      0.0011647139908745885,
      0.0011022589169442654,
      0.0010869628749787807,
      0.0010257960529997945,
      0.0011842091334983706,
      0.0017692747060209513,
      0.0009591771522536874,
      0.0009749977034516633,
      0.00103457598015666,
      0.0009139220928773284,
      0.0013099850621074438,
      0.0008677691221237183,
      0.0010833563283085823,
      0.0011012428440153599,
      0.0009494390687905252,
      0.0011265557259321213,
      0.0007282313890755177,
      0.001186458976007998,
      0.0010508854174986482,
      0.000915085431188345,
      0.0010499970521777868,
      0.0013595802010968328,
      0.0005932495114393532,
      0.0012599863111972809,
      0.0013055629096925259,
      0.0011650194646790624,
      0.0008951842901296914,
      0.001273528439924121,
      0.0007060211501084268,
      0.001269626896828413,
      0.0010058097541332245,
      0.0012872768566012383,
      0.0010679485276341438,
      0.0013357040006667376,
      0.0012416046811267734,
      0.0008783384691923857,
      0.00075100630056113,
      0.0011667129583656788,
      0.001039424678310752,
      0.0009354226058349013,
      0.0010197125375270844,
      0.0011043022386729717,
      0.001006667735055089,
      0.0009063780307769775,
      0.0008795891772024333,
      0.0011073441710323095,
      0.0010234341025352478,
      0.0008746612002141774,
      0.0011848766589537263,
      0.0010302875889465213,
      0.000598476268351078,
      0.0010932558216154575,
      0.001389644225127995,
      0.0012696057092398405,
      0.0011884337291121483,
      0.001003192039206624,
      0.0010358329163864255,
      0.001049090176820755,
      0.000858501938637346,
      0.0007516511832363904,
      0.0007734788814559579,
      0.0011745267547667027,
      0.0014560571871697903,
      0.0013769592624157667,
      0.0011090810876339674,
      0.0009994152933359146,
      0.0008852164028212428,
      0.0010517134796828032,
      0.0010204012505710125,
      0.00097239064052701,
      0.0007736467523500323,
      0.0010026897070929408,
      0.0014083507703617215,
      0.0011714911088347435,
      0.000998335424810648,
      0.0012140246108174324,
      0.0010546499397605658,
      0.0010963587556034327,
      0.001120586646720767,
      0.0008900778484530747,
      0.0009194300509989262,
      0.0010120919905602932,
      0.0011002256069332361,
      0.0010469669941812754,
      0.0009145622607320547,
      0.00036737904883921146,
      0.0006314392667263746,
      0.0005902748089283705,
      0.0009218779159709811,
      0.0010739718563854694,
      0.0012135958531871438,
      0.00040685737621970475,
      0.0010318845743313432,
      0.001283508026972413,
      0.0009485605987720191,
      0.0006190956337377429,
      0.000967197644058615,
      0.0008877420332282782,
      0.0010388874216005206,
      0.0011293062707409263,
      0.001036083442158997,
      0.0008669133530929685,
      0.0007389328675344586,
      0.0008013569749891758,
      0.0013588133733719587,
      0.0008971745846793056,
      0.0008635354461148381,
      0.0008699502795934677,
      0.0009994697757065296,
      0.0010249821934849024,
      0.0010512092849239707,
      0.0009122530464082956,
      0.0005920541007071733,
      0.0009622680372558534,
      0.0012182416394352913,
      0.0008855755440890789,
      0.001223317813128233,
      0.001358904060907662,
      0.0010175227653235197,
      0.001098648295737803,
      0.0011857232311740518,
      0.0008568580960854888,
      0.0010567842982709408,
      0.001041926210746169,
      0.0021940728183835745,
      0.0010648549068719149,
      0.0008839254733175039,
      0.001097845146432519,
      0.0010237513342872262,
      0.0014642365276813507,
      0.001188203925266862,
      0.001294137560762465,
      0.0009233907330781221,
      0.0009057672577910125,
      0.001032210886478424,
      0.000877808197401464,
      0.0010345601476728916,
      0.000839745334815234,
      0.0009844317100942135,
      0.0014367331750690937,
      0.0013299139682203531,
      0.0009508529910817742,
      0.0010098431957885623,
      0.0006807519821450114,
      0.0012168657267466187,
      0.0010298648849129677,
      0.0011071315966546535,
      0.0009838927071541548,
      0.0011983753647655249,
      0.0008982446743175387,
      0.0013394801644608378,
      0.0007622099947184324,
      0.0012686445843428373,
      0.001174609991721809,
      0.0011106912279501557,
      0.001234016614034772,
      0.0010302833979949355,
      0.0014301692135632038,
      0.0011541221756488085,
      0.0009103483753278852,
      0.001277257571928203,
      0.001051848754286766,
      0.000587806454859674,
      0.0009200552594847977,
      0.001163919223472476,
      0.0010510385036468506,
      0.0013472267892211676,
      0.0007086195982992649,
      0.0010332285892218351,
      0.0010231388732790947,
      0.0007479415507987142,
      0.0014654949773102999,
      0.0013491988647729158,
      0.001029787352308631,
      0.0011768244439736009,
      0.0012832931242883205,
      0.0008683137129992247,
      0.0010119187645614147,
      0.0008099862607195973,
      0.001004560268484056,
      0.0011541199637576938,
      0.0010254469234496355,
      0.0011156516848132014,
      0.0012979456223547459,
      0.0012653283774852753,
      0.001071801409125328,
      0.0011084292782470584,
      0.0014477274380624294,
      0.0010139716323465109,
      0.0010324133327230811,
      0.0011514691868796945,
      0.0008869784069247544,
      0.0010464306687936187,
      0.0011777525069192052,
      0.0011567105539143085,
      0.0008726937230676413,
      0.001062092836946249,
      0.0012353454949334264,
      0.0008694649441167712,
      0.0008896572981029749,
      0.001068606972694397,
      0.0008634107653051615,
      0.0010087791597470641,
      0.000724220706615597,
      0.0013496798928827047,
      0.0010437690652906895,
      0.0012279334478080273,
      0.0010479085613042116,
      0.0011701900511980057,
      0.0017598503036424518,
      0.0010126372799277306,
      0.0010479771299287677,
      0.0010528232669457793,
      0.0009163497015833855,
      0.001013337867334485,
      0.0008821577066555619,
      0.0009240743820555508,
      0.00154177937656641,
      0.0007423236966133118,
      0.0012064537731930614,
      0.0010163565166294575,
      0.0011840774677693844,
      0.0008774033631198108,
      0.000873926212079823,
      0.0018760033417493105,
      0.001178959384560585,
      0.0012886906042695045,
      0.0011934882495552301,
      0.0010138635989278555,
      0.001067375298589468,
      0.001247795531526208,
      0.0008084422443062067,
      0.0009410534985363483,
      0.0010932052973657846,
      0.001211805734783411,
      0.001189336646348238,
      0.0009747934527695179,
      0.0013301803264766932,
      0.000936121039558202,
      0.0005399322253651917,
      0.001349324593320489,
      0.0008022899855859578,
      0.0010439115576446056,
      0.0008699614554643631,
      0.0009978299494832754,
      0.0012168094981461763,
      0.00045323604717850685,
      0.0007093504536896944,
      0.0012796400114893913,
      0.0009502897155471146,
      0.0012177139287814498,
      0.0010880400659516454,
      0.0010156899224966764,
      0.001694418489933014,
      0.0009497539140284061,
      0.001189052127301693,
      0.0011658003786578774,
      0.0006866033654659986,
      0.0008705247892066836,
      0.0010565012926235795,
      0.0007903115474618971,
      0.0010139981750398874,
      0.0009919583098962903,
      0.0008923570858314633,
      0.000919112004339695,
      0.0009138224413618445,
      0.001432962017133832,
      0.0011997551191598177,
      0.0010023654904216528,
      0.0016377330757677555,
      0.0007804123451933265,
      0.0010113653261214495,
      0.00121083646081388,
      0.0008373026503250003,
      0.0010326560586690903,
      0.0008696521981619298,
      0.0007945890538394451,
      0.0017312420532107353,
      0.0008782933000475168,
      0.0007386993383988738,
      0.0013628560118377209,
      0.001022130949422717,
      0.0010918625630438328,
      0.0009920515585690737,
      0.001042319810949266,
      0.0007853188435547054,
      0.0010249549522995949,
      0.0010498918127268553,
      0.0009307808941230178,
      0.0009595666779205203,
      0.0006065326742827892,
      0.0012288279831409454,
      0.0011832333402708173,
      0.001141670742072165,
      0.0010088831186294556,
      0.001006498234346509,
      0.001399878179654479,
      0.0009424604941159487,
      0.000982778612524271,
      0.0007282157894223928,
      0.0008315712912008166,
      0.0008795817266218364,
      0.0012857024557888508,
      0.000735816836822778,
      0.0017461501993238926,
      0.0007206733571365476,
      0.0011202695313841105,
      0.0014955622609704733,
      0.0011586735490709543,
      0.001587509410455823,
      0.0009013294475153089,
      0.0010222175624221563,
      0.0007666531018912792,
      0.0012275527697056532,
      0.0011969017796218395,
      0.001066009048372507,
      0.0010550383012741804,
      0.0010374379344284534,
      0.0010246456367895007,
      0.0009820177219808102,
      0.0008049772586673498,
      0.0010057763429358602,
      0.000747818558011204,
      0.001362530281767249,
      0.0010091841686517,
      0.0011551566421985626,
      0.000588088936638087,
      0.0014264844357967377,
      0.0010445889784023166,
      0.0011521134292706847,
      0.0009792034979909658,
      0.0010260787094011903,
      0.0009961551986634731,
      0.0009240882354788482,
      0.0008999202400445938,
      0.001083585200831294,
      0.0011255325516685843,
      0.0015679765492677689,
      0.0008970041526481509,
      0.0008772857836447656,
      0.0011945156147703528,
      0.0007292884401977062,
      0.001003686455078423,
      0.0009893517708405852,
      0.001156139769591391,
      0.0008903630077838898,
      0.0013578222133219242,
      0.0012960989261046052,
      0.0009001796133816242,
      0.0012612012214958668,
      0.0009704309049993753,
      0.0005932052154093981,
      0.0007408162346109748,
      0.0007683193543925881,
      0.0007651972118765116,
      0.0010408252710476518,
      0.0014119661645963788,
      0.0008892545010894537,
      0.0011717547895386815,
      0.001008439576253295,
      0.001025274395942688,
      0.0010459818877279758,
      0.0010324481409043074,
      0.001073475694283843,
      0.001102275913581252,
      0.0009381697745993733,
      0.001025250181555748,
      0.0009189769043587148,
      0.0013335590483620763,
      0.0009418416302651167,
      0.0009076024289242923,
      0.0012646233662962914,
      0.0009738386142998934,
      0.0007318696589209139,
      0.0007072538719512522,
      0.0010101906955242157,
      0.0009441007860004902,
      0.001071442966349423,
      0.0010752009693533182,
      0.000741112045943737,
      0.0011309098917990923,
      0.0008794141467660666,
      0.0019614011980593204,
      0.0009952557738870382,
      0.0008971364586614072,
      0.0010218305978924036,
      0.0013362218160182238,
      0.0016070690471678972,
      0.001192896394059062,
      0.001039649359881878,
      0.0010064472444355488,
      0.0012569366954267025,
      0.0008114988449960947,
      0.0011829774593934417,
      0.0012238004710525274,
      0.0008677172008901834,
      0.0010048120748251677,
      0.0010057169711217284,
      0.0012539828894659877,
      0.001733474200591445,
      0.001567068975418806,
      0.001049228012561798,
      0.0013958294875919819,
      0.0010342254536226392,
      0.0012242341181263328,
      0.0009392888750880957,
      0.000897102989256382,
      0.0010855542495846748,
      0.0012070537777617574,
      0.0011206502094864845,
      0.0010529160499572754,
      0.0008326059905812144,
      0.001089136814698577,
      0.0014599207788705826,
      0.0009845057502388954,
      0.0011474619386717677,
      0.0010294887470081449,
      0.0009246829431504011,
      0.0011851208982989192,
      0.0009405491873621941,
      0.0010903463698923588,
      0.0010072411969304085,
      0.0008659471641294658,
      0.0009510235395282507,
      0.0011747556272894144,
      0.0010123448446393013,
      0.0007682720897719264,
      0.0012666780967265368,
      0.0010539849754422903,
      0.0005761770298704505,
      0.0007231356576085091,
      0.0010934609454125166,
      0.0008958193357102573,
      0.0006482475437223911,
      0.0010211716871708632,
      0.0014099521795287728,
      0.0010927250841632485,
      0.0014285566285252571,
      0.0010158203076571226,
      0.0010208433959633112,
      0.0013911398127675056,
      0.0011511372867971659,
      0.0008537417743355036,
      0.0009116210858337581,
      0.0008894326747395098,
      0.000727388309314847,
      0.0008906936272978783,
      0.001214893301948905,
      0.0009182571666315198,
      0.0013622835977002978,
      0.0008731543784961104,
      0.0017013289034366608,
      0.0010452333372086287,
      0.001179963001050055,
      0.0009940675226971507,
      0.0008742189384065568,
      0.001030788291245699,
      0.0007438895991072059,
      0.0009755085338838398,
      0.0006173637229949236,
      0.0009308017324656248,
      0.0008796727051958442,
      0.0011832911986857653,
      0.001002095639705658,
      0.001274241367354989,
      0.0010805305792018771,
      0.0010400267783552408,
      0.0009965355275198817,
      0.0008863991242833436,
      0.0006244351388886571,
      0.0009195014135912061,
      0.0010143377585336566,
      0.0008957055979408324,
      0.001003303681500256,
      0.0011586099863052368,
      0.0011652139946818352,
      0.0010283252922818065,
      0.00079114711843431,
      0.00120628927834332,
      0.0008630326483398676,
      0.00093650515191257,
      0.0011658178409561515,
      0.0007855606381781399,
      0.001517971628345549,
      0.0010498291812837124,
      0.001388358767144382,
      0.0010036997264251113,
      0.0008659263839945197,
      0.0010197988012805581,
      0.0012889229692518711,
      0.0018488343339413404,
      0.0012206106912344694,
      0.0013313426170498133,
      0.0010097067570313811,
      0.0011467412114143372,
      0.0008958964608609676,
      0.0007361582247540355,
      0.0009041771991178393,
      0.0011494677746668458,
      0.0009625114034861326,
      0.0010268414625898004,
      0.0009451000369153917,
      0.0011242718901485205,
      0.0009631654247641563,
      0.0011029316810891032,
      0.001167667331174016,
      0.0010185097344219685,
      0.0015984401106834412,
      0.0009247274720109999,
      0.0011865366250276566,
      0.0010463458020240068,
      0.0009008281049318612,
      0.0011716400040313601,
      0.0010859224712476134,
      0.0007430521072819829,
      0.0007502181106247008,
      0.0008820248767733574,
      0.0010112137533724308,
      0.001171792857348919,
      0.0015602486673742533,
      0.0010105784749612212,
      0.0011350746499374509,
      0.001293774344958365,
      0.0012106143403798342,
      0.0010314579121768475,
      0.0008826921111904085,
      0.0011506021255627275,
      0.0010714104864746332,
      0.0012128776870667934,
      0.001019941410049796,
      0.0011896503856405616,
      0.0010357149876654148,
      0.0009091460378840566,
      0.0009108009980991483,
      0.0010749449720606208,
      0.0010636617662385106,
      0.0008665519999340177,
      0.0007795599522069097,
      0.0007438622415065765,
      0.001089919707737863,
      0.0009269060101360083,
      0.0008869180455803871,
      0.0010927016846835613,
      0.0010221775155514479,
      0.0008872553007677197,
      0.0011115506058558822,
      0.0007013515569269657,
      0.0011632221285253763,
      0.001172278425656259,
      0.0007710951613262296,
      0.0016410474199801683,
      0.0009556100703775883,
      0.0007953238091431558,
      0.0009791606571525335,
      0.0009220346109941602,
      0.0008903689449653029,
      0.001034668879583478,
      0.0008920322870835662,
      0.0010029489640146494,
      0.0011696055298671126,
      0.0012319672387093306,
      0.0009845284512266517,
      0.0007458077161572874,
      0.0011907906737178564,
      0.0008938258397392929,
      0.0008901212131604552,
      0.0010107033886015415,
      0.0012358925305306911,
      0.0021385755389928818,
      0.0010512334993109107,
      0.0007458686595782638,
      0.002064413856714964,
      0.0007420880137942731,
      0.0011066802544519305,
      0.001029402483254671,
      0.0010128788417205215,
      0.0010519817005842924,
      0.00058049923973158,
      0.0008031927281990647,
      0.0011655488051474094,
      0.0007789524970576167,
      0.0010329332435503602,
      0.0011528411414474249,
      0.0010746065527200699,
      0.001234633382409811,
      0.0006116187432780862,
      0.0011457065120339394,
      0.0008702455088496208,
      0.0008899177191779017,
      0.0010118847712874413,
      0.0011761171044781804,
      0.0016073605511337519,
      0.0010207457235082984,
      0.001010573236271739,
      0.000892242300324142,
      0.0010066886898130178,
      0.0010777739807963371,
      0.001120900851674378,
      0.000901448423974216,
      0.0012112746480852365,
      0.001043895143084228,
      0.001022218493744731,
      0.0013453294523060322,
      0.0014596313703805208,
      0.0011340626515448093,
      0.0011432787869125605,
      0.0009193781297653913,
      0.0007292506052181125,
      0.0013754423707723618,
      0.0011234605917707086,
      0.0008790688589215279,
      0.0011709252139553428,
      0.0011734024155884981,
      0.0011164682218804955,
      0.001385059324093163,
      0.0015106626087799668,
      0.0010422985069453716,
      0.0010371026583015919,
      0.0011196067789569497,
      0.0013131988234817982,
      0.0010635218350216746,
      0.0011725930962711573,
      0.0007872224086895585,
      0.001210934715345502,
      0.00123215198982507,
      0.0009207385592162609,
      0.0009293984621763229,
      0.0009549322421662509,
      0.0009699666406959295,
      0.0007605518912896514,
      0.000865593203343451,
      0.0008752901339903474,
      0.000871427240781486,
      0.0010170090245082974,
      0.0009163603535853326,
      0.001982589717954397,
      0.0010035044979304075,
      0.0021239714697003365,
      0.0010497134644538164,
      0.001044492470100522,
      0.001166490139439702,
      0.0010579045629128814,
      0.0009901742450892925,
      0.0008743631187826395,
      0.0010035332525148988,
      0.001014773384667933,
      0.0009497223072685301,
      0.000917143770493567,
      0.0009778942912817001,
      0.0011625593760982156,
      0.0019068167312070727,
      0.0008898652158677578,
      0.0010117079364135861,
      0.000942496582865715,
      0.0009847386972978711,
      0.0010113350581377745,
      0.0008908397285267711,
      0.0013483583461493254,
      0.0008885162533260882,
      0.0009451151126995683,
      0.001133427955210209,
      0.001067397533915937,
      0.0006693603354506195,
      0.0007667479803785682,
      0.0009504639892838895,
      0.0006722884718328714,
      0.0012067914940416813,
      0.0007501202635467052,
      0.001066246535629034,
      0.001021989737637341,
      0.0010714293457567692,
      0.0015360827092081308,
      0.0011606456246227026,
      0.0010174138005822897,
      0.001152557204477489,
      0.0010463995859026909,
      0.0009967349469661713,
      0.000912463990971446,
      0.0014392550801858306,
      0.0010131829185411334,
      0.0011700012255460024,
      0.0012964922934770584,
      0.0009484455222263932,
      0.0008734798757359385,
      0.0009138770401477814,
      0.0007835465366952121,
      0.0010274582309648395,
      0.0008719494217075408,
      0.0006250155856832862,
      0.0010121692903339863,
      0.0008766357786953449,
      0.001333183841779828,
      0.0010322727030143142,
      0.00105910690035671,
      0.000627986912149936,
      0.0007317204726859927,
      0.0011435081250965595,
      0.0008624944603070617,
      0.0011653549736365676,
      0.0010079251369461417,
      0.0008964426815509796,
      0.0010468155378475785,
      0.0010374848498031497,
      0.0008596304105594754,
      0.0013256529346108437,
      0.0005873349728062749,
      0.001223830971866846,
      0.0008899782551452518,
      0.0013054974842816591,
      0.0008654299308545887,
      0.0012800261611118913,
      0.0011922053527086973,
      0.0007183683337643743,
      0.001295827911235392,
      0.0010460877092555165,
      0.001453207340091467,
      0.0009713906329125166,
      0.0008785789250396192,
      0.0010819279123097658,
      0.0010468675754964352,
      0.0007161383982747793,
      0.000948439643252641,
      0.0010493684094399214,
      0.000893227057531476,
      0.0012252901215106249,
      0.0013278122060000896,
      0.0007854508003219962,
      0.0012103207409381866,
      0.0016465908847749233,
      0.0016310075297951698,
      0.0011646633502095938,
      0.0009202228975482285,
      0.0012799373362213373,
      0.0010642042616382241,
      0.001229424960911274,
      0.0008532513165846467,
      0.0008779347408562899,
      0.0009948264341801405,
      0.0012751506874337792,
      0.001156051643192768,
      0.0012737319339066744,
      0.0009023250313475728,
      0.0007666643941774964,
      0.0009063819888979197,
      0.0011650583473965526,
      0.0008928107563406229,
      0.0012490547960624099,
      0.0011567054316401482,
      0.001038048416376114
    ]
  },
  "runtime": {
    "cuda_available": true,
    "device": "cuda",
    "seed": 1337,
    "seed_summary": {
      "cuda_manual_seed_all": true,
      "cudnn_deterministic": true,
      "numpy_random": 1337,
      "python_random": 1337,
      "torch": 1337
    },
    "torch_version": "2.5.1+cu124",
    "wall_seconds": 4566.567587903999
  },
  "status": "train_complete",
  "summary_json": "runs/lanes/w7_ballretrain2_20260709/arm_finetunes/E3k_matched_seed_official_aug/summary.json"
}
