{
  "checkpoint": {
    "latest_checkpoint": "runs/lanes/w7_ballretrain2_20260709/arm_finetunes/E3k_seed_official_aug/checkpoints/latest.pt",
    "loaded_state_sha256": "1faaa8020a2adb55564633d4bc5a05ab2ac2a9646c3689a0828c58bd293d454d",
    "round_trip_state_sha256_match": true,
    "state_sha256": "1faaa8020a2adb55564633d4bc5a05ab2ac2a9646c3689a0828c58bd293d454d",
    "step": 916
  },
  "loss": {
    "count": 916,
    "first": 0.0008108437759801745,
    "last": 0.0012036231346428394,
    "strictly_decreased": false,
    "values": [
      0.0008108437759801745,
      0.0009378944523632526,
      0.0009043634054251015,
      0.0022460278123617172,
      0.0010274581145495176,
      0.0023936929646879435,
      0.0007482036016881466,
      0.0007243201253004372,
      0.0007439274340867996,
      0.0006838582921773195,
      0.0007008496904745698,
      0.0019825678318738937,
      0.0004456721944734454,
      0.0017475970089435577,
      0.0011133590014651418,
      0.0007815895951353014,
      0.0010978678474202752,
      0.0021164356730878353,
      0.0010590925812721252,
      0.0006888815551064909,
      0.002255149884149432,
      0.001135387341491878,
      0.0009800924453884363,
      0.001526135834865272,
      0.0010110896546393633,
      0.0017514433711767197,
      0.0009836772223934531,
      0.0015280398074537516,
      0.0011453034821897745,
      0.0009080585441552103,
      0.001734873279929161,
      0.0011296197772026062,
      0.0010985721601173282,
      0.0007812489056959748,
      0.0014791693538427353,
      0.0011628579813987017,
      0.0012479601427912712,
      0.000945939333178103,
      0.001119506312534213,
      0.000921294093132019,
      0.0009510833770036697,
      0.0011742744827643037,
      0.0012900822330266237,
      0.0009967228397727013,
      0.000930154521483928,
      0.0010286387987434864,
      0.0007484821835532784,
      0.0006989319808781147,
      0.0010330044897273183,
      0.0007897262112237513,
      0.0012845095479860902,
      0.0018096116837114096,
      0.001419583335518837,
      0.0006516430294141173,
      0.0008883005357347429,
      0.0016334631945937872,
      0.001028970000334084,
      0.0023238640278577805,
      0.0009961549658328295,
      0.0011163786984980106,
      0.0011614521499723196,
      0.0011592254741117358,
      0.001034875400364399,
      0.0015319661470130086,
      0.0011106333695352077,
      0.0010272073559463024,
      0.0011371276341378689,
      0.0010899822227656841,
      0.0012466090265661478,
      0.0008823350653983653,
      0.001173580763861537,
      0.0010812958935275674,
      0.0010492625879123807,
      0.00263371504843235,
      0.0010013682767748833,
      0.00099033466540277,
      0.0009216092294082046,
      0.001728356466628611,
      0.001404056791216135,
      0.0009335529175586998,
      0.0009441048605367541,
      0.0009787414455786347,
      0.0022360992152243853,
      0.0010954131139442325,
      0.0021899589337408543,
      0.0017478574300184846,
      0.001088456716388464,
      0.0011497344821691513,
      0.0019786462653428316,
      0.0009102416224777699,
      0.001884549274109304,
      0.001257982337847352,
      0.0008643053006380796,
      0.0009637451730668545,
      0.0008623107569292188,
      0.001178177772089839,
      0.0015275718178600073,
      0.0016250403132289648,
      0.0009624784579500556,
      0.0008096744422800839,
      0.0011463590199127793,
      0.0009102125186473131,
      0.0009120918111875653,
      0.0011402297532185912,
      0.0010378813603892922,
      0.0013706062454730272,
      0.0010075934696942568,
      0.0006902404711581767,
      0.0009403307340107858,
      0.0019314399687573314,
      0.0009108484955504537,
      0.0010835783323273063,
      0.0010451311245560646,
      0.0020745303481817245,
      0.0009472043602727354,
      0.0010481250938028097,
      0.001919307978823781,
      0.001981307752430439,
      0.001307035912759602,
      0.00126663688570261,
      0.0006335524958558381,
      0.0009530668030492961,
      0.0008971927454695106,
      0.0010523132514208555,
      0.001251960638910532,
      0.0010051664430648088,
      0.0012148446403443813,
      0.0018709711730480194,
      0.0021427921019494534,
      0.001557126990519464,
      0.000984439393505454,
      0.0011816846672445536,
      0.0015214000595733523,
      0.0008875560015439987,
      0.0010422152699902654,
      0.0018392835045233369,
      0.0010411307448521256,
      0.001085938885807991,
      0.0019573660101741552,
      0.0017483090050518513,
      0.000969751039519906,
      0.0011050190078094602,
      0.0010680941632017493,
      0.0014460633974522352,
      0.000996028888039291,
      0.0011690986575558782,
      0.0015796045772731304,
      0.000882613705471158,
      0.001063567935489118,
      0.0011697867885231972,
      0.0007627110462635756,
      0.0016309977509081364,
      0.0013367064530029893,
      0.001276172581128776,
      0.0010559604270383716,
      0.0012320103123784065,
      0.0015917221317067742,
      0.0009321316611021757,
      0.002004045993089676,
      0.0010357722640037537,
      0.0010630125179886818,
      0.0010952737648040056,
      0.001046941615641117,
      0.0016795569099485874,
      0.001261688768863678,
      0.0016067549586296082,
      0.0011329508852213621,
      0.001939749694429338,
      0.0016026825178414583,
      0.0011764366645365953,
      0.0016427113441750407,
      0.00061914196703583,
      0.0011356158647686243,
      0.0010711511131376028,
      0.001695616403594613,
      0.0017852942692115903,
      0.001100198132917285,
      0.0010353010147809982,
      0.0014223996549844742,
      0.0009026494808495045,
      0.0009378008544445038,
      0.001945657772012055,
      0.0013611301546916366,
      0.0010932274162769318,
      0.0009273325558751822,
      0.0015703756362199783,
      0.0011897222138941288,
      0.000989994965493679,
      0.0011966296005994081,
      0.0013507682597264647,
      0.0009112450643442571,
      0.0009633054723963141,
      0.0011000846279785037,
      0.0026819941122084856,
      0.002193304244428873,
      0.0011908849701285362,
      0.0010101438965648413,
      0.0008184221806004643,
      0.0010015701409429312,
      0.001244921237230301,
      0.0010606787400320172,
      0.0013438321184366941,
      0.0015312980394810438,
      0.001611241023056209,
      0.001752563170157373,
      0.0017548177856951952,
      0.0009520122548565269,
      0.0009377390379086137,
      0.0009866758482530713,
      0.0010458652395755053,
      0.0009691462037153542,
      0.0012640858767554164,
      0.0009368477622047067,
      0.0009595706942491233,
      0.002364396583288908,
      0.0008922130800783634,
      0.0010124833788722754,
      0.0013633701018989086,
      0.0004987532738596201,
      0.00105618080124259,
      0.001013281405903399,
      0.0010202007833868265,
      0.001334289787337184,
      0.0009284064872190356,
      0.0008082677377387881,
      0.0009560154285281897,
      0.0011021432001143694,
      0.0012046354822814465,
      0.0008865902200341225,
      0.001039945986121893,
      0.001027834601700306,
      0.0012445083120837808,
      0.001293533481657505,
      0.0010283198207616806,
      0.0008969216723926365,
      0.0010384323541074991,
      0.0012752071488648653,
      0.0017118139658123255,
      0.0011905216379091144,
      0.0010448320535942912,
      0.0008895617793314159,
      0.0011977609246969223,
      0.001058222376741469,
      0.0010113163152709603,
      0.0010186739964410663,
      0.001310776686295867,
      0.0010162782855331898,
      0.0010814699344336987,
      0.0014341982314363122,
      0.001523264218121767,
      0.0012090879026800394,
      0.0011160082649439573,
      0.0008508424507454038,
      0.0016025810036808252,
      0.0008258933667093515,
      0.0009017629781737924,
      0.0007497756159864366,
      0.0012655836762860417,
      0.0013051177375018597,
      0.001817461452446878,
      0.0009172309655696154,
      0.0011576288379728794,
      0.001807462889701128,
      0.0010527861304581165,
      0.0013101259246468544,
      0.0020308897364884615,
      0.0027434732764959335,
      0.001248090178705752,
      0.0010305395117029548,
      0.0010139516089111567,
      0.001161328749731183,
      0.0013597067445516586,
      0.001037923851981759,
      0.0011757483007386327,
      0.001006911275908351,
      0.0010997983627021313,
      0.0010399838211014867,
      0.0016345428302884102,
      0.001545127248391509,
      0.0009284595143981278,
      0.001345248892903328,
      0.000914216972887516,
      0.0010379906743764877,
      0.0007967001292854548,
      0.001365559990517795,
      0.0008037617080844939,
      0.0012277280911803246,
      0.0020550100598484278,
      0.001172622200101614,
      0.0012424844317138195,
      0.0010951014701277018,
      0.0011369186686351895,
      0.0010186133440583944,
      0.0008244249038398266,
      0.0009171506972052157,
      0.0011309265391901135,
      0.001515112118795514,
      0.0009177303873002529,
      0.0008527974714525044,
      0.0012486890191212296,
      0.0010857291053980589,
      0.0012361716944724321,
      0.0007844129577279091,
      0.001311361906118691,
      0.0009577421005815268,
      0.00200650910846889,
      0.0010344486217945814,
      0.0014172515366226435,
      0.0011611056979745626,
      0.001580096548423171,
      0.0011298120953142643,
      0.0008637243881821632,
      0.0010290411300957203,
      0.0011343280784785748,
      0.0012787492014467716,
      0.0010609697783365846,
      0.0013445379445329309,
      0.0012644465314224362,
      0.001191046554595232,
      0.0011972582433372736,
      0.0014352707657963037,
      0.0013065478997305036,
      0.0009461607551202178,
      0.0009165900992229581,
      0.0012489825021475554,
      0.0016034471336752176,
      0.000947093591094017,
      0.0015747155994176865,
      0.0011646837228909135,
      0.0011007679859176278,
      0.0010222862474620342,
      0.0013725158059969544,
      0.0007991030579432845,
      0.001488889567553997,
      0.00198609521612525,
      0.0009532972471788526,
      0.0009714992484077811,
      0.0010651829652488232,
      0.0012472569942474365,
      0.0008912562625482678,
      0.001039791852235794,
      0.001301364041864872,
      0.0009081043535843492,
      0.0016768299974501133,
      0.001125020207837224,
      0.0009573433198966086,
      0.001012131804600358,
      0.0008290839614346623,
      0.0010881290072575212,
      0.000975361152086407,
      0.001204838976264,
      0.0010505529353395104,
      0.0010343969333916903,
      0.0010998304933309555,
      0.0010591850150376558,
      0.0008995187818072736,
      0.0009230233263224363,
      0.0011291343253105879,
      0.0008923833374865353,
      0.0007526928093284369,
      0.0012246069964021444,
      0.0012563485652208328,
      0.0007750206859782338,
      0.0008796986658126116,
      0.001199293415993452,
      0.001029853941872716,
      0.0010685971938073635,
      0.0031423657201230526,
      0.0010247924365103245,
      0.0011706772493198514,
      0.0011924379505217075,
      0.001185365836136043,
      0.0007429540855810046,
      0.0008936217054724693,
      0.0013187546283006668,
      0.0010412822011858225,
      0.0017763559008017182,
      0.0010350082302466035,
      0.0006568083772435784,
      0.0011245158966630697,
      0.0010401709005236626,
      0.0010125671979039907,
      0.0010293922387063503,
      0.0009214258752763271,
      0.0010717036202549934,
      0.0010393080301582813,
      0.0012912238016724586,
      0.0007704155286774039,
      0.0021075874101370573,
      0.0008855125051923096,
      0.0015800611581653357,
      0.0016834423877298832,
      0.00098408292979002,
      0.0014156214892864227,
      0.0010487919207662344,
      0.0008518793038092554,
      0.0007641958072781563,
      0.0009257376077584922,
      0.0007566946442238986,
      0.0010443408973515034,
      0.0023577800020575523,
      0.001035123597830534,
      0.0010098556522279978,
      0.001510303933173418,
      0.0012294831685721874,
      0.001001001801341772,
      0.0011948317987844348,
      0.0012045588809996843,
      0.0014301470946520567,
      0.0006830135826021433,
      0.0011278886813670397,
      0.0008697527809999883,
      0.000892269832547754,
      0.0012097415747120976,
      0.000655822572298348,
      0.0010968063725158572,
      0.0012578852474689484,
      0.0015164634678512812,
      0.0011118652764707804,
      0.0007537509081885219,
      0.0009884288301691413,
      0.0010941597865894437,
      0.0010056830942630768,
      0.001144099747762084,
      0.0012069368967786431,
      0.0019404185004532337,
      0.0009095020359382033,
      0.0011859135702252388,
      0.0009960182942450047,
      0.0010829083621501923,
      0.0010879402980208397,
      0.0010249828919768333,
      0.0009120418690145016,
      0.001493910327553749,
      0.0010811628308147192,
      0.001013344619423151,
      0.000883058353792876,
      0.0010369112715125084,
      0.0009318418451584876,
      0.0013023577630519867,
      0.0006651565199717879,
      0.0011230767704546452,
      0.002386699663475156,
      0.0008795393514446914,
      0.00101232691667974,
      0.001180031686089933,
      0.0013018385507166386,
      0.0012175109004601836,
      0.0010493627050891519,
      0.000891170697286725,
      0.0011268309317529202,
      0.0015195196028798819,
      0.0009858899284154177,
      0.0010322767775505781,
      0.0012612439459189773,
      0.0011925892904400826,
      0.001191106392070651,
      0.0010822601616382599,
      0.0011084235738962889,
      0.001221459824591875,
      0.0009527418296784163,
      0.0011144576128572226,
      0.0010505730751901865,
      0.0010366173228248954,
      0.0017910024616867304,
      0.0011506552109494805,
      0.001264059217646718,
      0.0013993914471939206,
      0.0011160331778228283,
      0.0009736999636515975,
      0.0015348877059295774,
      0.0006293068872764707,
      0.0010805170750245452,
      0.0010323073947802186,
      0.0009370585903525352,
      0.0015920910518616438,
      0.0010730617213994265,
      0.0012612524442374706,
      0.0013388183433562517,
      0.0011673413682729006,
      0.001216392731294036,
      0.0010919251944869757,
      0.0015305066481232643,
      0.0015596691519021988,
      0.0009430341888219118,
      0.0012288615107536316,
      0.001512459246441722,
      0.0007779989391565323,
      0.0012196974130347371,
      0.0011712363921105862,
      0.0012256010668352246,
      0.001330105820670724,
      0.0012825599405914545,
      0.001472929958254099,
      0.0008843569085001945,
      0.001863617915660143,
      0.0012155118165537715,
      0.0012279945658519864,
      0.0009076973656192422,
      0.000918954610824585,
      0.0010044181253761053,
      0.0008798243943601847,
      0.0008206438506022096,
      0.0012030682992190123,
      0.0018032534280791879,
      0.001422730041667819,
      0.0011100218398496509,
      0.0018518446013331413,
      0.0010804460616782308,
      0.0009383499855175614,
      0.0010419802274554968,
      0.0008386356057599187,
      0.001176047488115728,
      0.001025891164317727,
      0.0009657777263782918,
      0.0010943412780761719,
      0.001210036687552929,
      0.0011498045641928911,
      0.0010024495422840118,
      0.001224688021466136,
      0.0017048455774784088,
      0.0016800949815660715,
      0.001707204501144588,
      0.0010675473604351282,
      0.0010516408365219831,
      0.0008233559783548117,
      0.0008884957642294466,
      0.0009432206861674786,
      0.0006975594442337751,
      0.0013371716486290097,
      0.0008753864094614983,
      0.000984719255939126,
      0.0013687079772353172,
      0.0010914027225226164,
      0.0015545196365565062,
      0.000979857286438346,
      0.0010141986422240734,
      0.0018981407629325986,
      0.0009267133427783847,
      0.0015468467026948929,
      0.0011964102741330862,
      0.0009082503383979201,
      0.0010324217146262527,
      0.0011039042146876454,
      0.0009543960331939161,
      0.000749773345887661,
      0.0009937766008079052,
      0.0011174954706802964,
      0.0008077333332039416,
      0.0010872262064367533,
      0.0014282919000834227,
      0.0011029045563191175,
      0.0008559831767342985,
      0.0009222211665473878,
      0.0019683251157402992,
      0.0005981659051030874,
      0.0012306510470807552,
      0.001069071120582521,
      0.0008039616513997316,
      0.001085842726752162,
      0.0011328940745443106,
      0.0016676678787916899,
      0.0009433079976588488,
      0.0007404701318591833,
      0.0010313087841495872,
      0.0010377992875874043,
      0.0020333281718194485,
      0.0009772191988304257,
      0.0011362559162080288,
      0.0019447295926511288,
      0.000755819957703352,
      0.0008210679516196251,
      0.0012274051550775766,
      0.001042071497067809,
      0.0011584407184273005,
      0.0009022415615618229,
      0.0007568298606202006,
      0.0007672378560528159,
      0.0016463259235024452,
      0.0011584239546209574,
      0.0010576084023341537,
      0.0009877353440970182,
      0.001526878448203206,
      0.0012949227821081877,
      0.000872025906573981,
      0.0006090625538490713,
      0.0014024123083800077,
      0.0017459532245993614,
      0.001437011524103582,
      0.0015787843149155378,
      0.0008883860427886248,
      0.001150801545009017,
      0.000983328791335225,
      0.0017268973169848323,
      0.0018960259621962905,
      0.0010729199275374413,
      0.0018660018686205149,
      0.0010486997198313475,
      0.0011328253895044327,
      0.0011612625094130635,
      0.0010444680228829384,
      0.0007486267713829875,
      0.001186031848192215,
      0.0010117783676832914,
      0.001054777530953288,
      0.0012195262825116515,
      0.0012938163708895445,
      0.0010191246401518583,
      0.001047337194904685,
      0.0007669327314943075,
      0.0011608726345002651,
      0.0007621985278092325,
      0.0008738047908991575,
      0.0009885923936963081,
      0.0009286623098887503,
      0.0006526615470647812,
      0.0012294617481529713,
      0.0008892031037248671,
      0.0013898438774049282,
      0.0013694686349481344,
      0.0009446825133636594,
      0.0007926786784082651,
      0.0012456714175641537,
      0.0007781416643410921,
      0.0010274727828800678,
      0.0010754860704764724,
      0.0010879070032387972,
      0.0007102601230144501,
      0.001247604377567768,
      0.0009945291094481945,
      0.0007057472830638289,
      0.0009188813855871558,
      0.0010294495150446892,
      0.0014679739251732826,
      0.0018723799148574471,
      0.000919198733754456,
      0.0012766113504767418,
      0.001326472032815218,
      0.0017272175755351782,
      0.0011543233413249254,
      0.0008913703495636582,
      0.0008728248067200184,
      0.0010884080547839403,
      0.0008415389456786215,
      0.0013423082418739796,
      0.0009900527074933052,
      0.0010633306810632348,
      0.0011956654489040375,
      0.001266950974240899,
      0.0017292825505137444,
      0.0013421265175566077,
      0.0006062744068913162,
      0.0006759243551641703,
      0.001274714944884181,
      0.0026170031633228064,
      0.0009368965984322131,
      0.0009282262763008475,
      0.0009206126560457051,
      0.00104193773586303,
      0.000939828110858798,
      0.0014195332769304514,
      0.0010961247608065605,
      0.0010319971479475498,
      0.0011699125170707703,
      0.0009126962395384908,
      0.001128545613028109,
      0.0013639812823385,
      0.0010162475518882275,
      0.001030987361446023,
      0.0007464119116775692,
      0.0008333799196407199,
      0.0009089988889172673,
      0.0018865040037781,
      0.0010072907898575068,
      0.001029227627441287,
      0.0010184471029788256,
      0.0009085272904485464,
      0.0008846988203004003,
      0.001203517080284655,
      0.0014656748389825225,
      0.0015076366253197193,
      0.0013153248000890017,
      0.0010582355316728354,
      0.001087346114218235,
      0.0007621340337209404,
      0.0011911651818081737,
      0.0010454361326992512,
      0.0010467664105817676,
      0.0018602528143674135,
      0.0010410889517515898,
      0.0012391189811751246,
      0.0017828679410740733,
      0.0010483266087248921,
      0.0010172228794544935,
      0.00106926413718611,
      0.00111061567440629,
      0.0007344915065914392,
      0.0007962517556734383,
      0.0010866551892831922,
      0.0009775550570338964,
      0.0009569869143888354,
      0.0008396409684792161,
      0.0009067273931577802,
      0.001248746644705534,
      0.0011561076389625669,
      0.0008843857212923467,
      0.0012589034158736467,
      0.0014399916399270296,
      0.001124600414186716,
      0.0010814282577484846,
      0.0010499119525775313,
      0.0012540434254333377,
      0.0020594412926584482,
      0.0009680984076112509,
      0.0010034730657935143,
      0.0010619875974953175,
      0.0009303634287789464,
      0.0013177783694118261,
      0.0008743557264097035,
      0.0013297493569552898,
      0.0012148080859333277,
      0.001407082425430417,
      0.0010912164580076933,
      0.0007428425014950335,
      0.0011883594561368227,
      0.0010517968330532312,
      0.0009329052991233766,
      0.001026867888867855,
      0.001756948186084628,
      0.0006129650864750147,
      0.0014526685699820518,
      0.0012950839009135962,
      0.0011753514409065247,
      0.0009120417525991797,
      0.0013283374719321728,
      0.0006738336523994803,
      0.0014166694600135088,
      0.0010198887903243303,
      0.0017011940944939852,
      0.0010916374158114195,
      0.0013192882761359215,
      0.001147655537351966,
      0.0008935278747230768,
      0.0007711613434366882,
      0.0012199149932712317,
      0.001049959333613515,
      0.0009856077376753092,
      0.0010295386891812086,
      0.0010979024227708578,
      0.0009842519648373127,
      0.0009565948275849223,
      0.0008950146147981286,
      0.0011345033999532461,
      0.0011174969840794802,
      0.0009107604273594916,
      0.0011847231071442366,
      0.0010911650024354458,
      0.0006032140809111297,
      0.0011285720393061638,
      0.0014853979228064418,
      0.0012701203813776374,
      0.0011814720928668976,
      0.0010236110538244247,
      0.0010372893884778023,
      0.0010475781746208668,
      0.0008634674595668912,
      0.0007538833306171,
      0.0008372256997972727,
      0.0011670601088553667,
      0.0017042005201801658,
      0.0015193317085504532,
      0.0013989865547046065,
      0.0010114784818142653,
      0.0009081573225557804,
      0.00115629390347749,
      0.0010291385697200894,
      0.0009988348465412855,
      0.0008606966584920883,
      0.0011058906093239784,
      0.0013521745568141341,
      0.0012545979116111994,
      0.0010396605357527733,
      0.0013729583006352186,
      0.0010654832003638148,
      0.0011394170578569174,
      0.0011242538457736373,
      0.0009673943277448416,
      0.0009524007909931242,
      0.001029430073685944,
      0.001024535158649087,
      0.0010584713891148567,
      0.0009228504495695233,
      0.0004348422517068684,
      0.0006750145694240928,
      0.0006323850248008966,
      0.0009679047507233918,
      0.0010703046573325992,
      0.0012214502785354853,
      0.0004278985725250095,
      0.0010504850652068853,
      0.0014601382426917553,
      0.0009195368620567024,
      0.0006476825219579041,
      0.0009473252575844526,
      0.0009326335275545716,
      0.0011313799768686295,
      0.0016425461508333683,
      0.0010752599919214845,
      0.0008761804201640189,
      0.0007366690551862121,
      0.0008091817726381123,
      0.0014469680609181523,
      0.0009289960726164281,
      0.0008779055788181722,
      0.000913159572519362,
      0.001021703239530325,
      0.0010154438205063343,
      0.0011215039994567633,
      0.0009166148956865072,
      0.0006113643175922334,
      0.0012739177327603102,
      0.0012058076681569219,
      0.0008877672953531146,
      0.00132933899294585,
      0.0014169454807415605,
      0.001121654873713851,
      0.001237237360328436,
      0.0013904341030865908,
      0.0008816964691504836,
      0.0010931543074548244,
      0.0014694437850266695,
      0.002596568549051881,
      0.0010858855675905943,
      0.001133608864620328,
      0.0013521136716008186,
      0.001079260022379458,
      0.001956484280526638,
      0.0011909990571439266,
      0.0017146527534350753,
      0.0009784491267055273,
      0.0008983053849078715,
      0.0010472708381712437,
      0.0008916428778320551,
      0.0010600952664390206,
      0.0009194529848173261,
      0.0010955831967294216,
      0.0015784206334501505,
      0.0016243214486166835,
      0.0009359252289868891,
      0.0010914240265265107,
      0.0006301375105977058,
      0.001221200916916132,
      0.0010926022659987211,
      0.0011135997483506799,
      0.0010904037626460195,
      0.0014615632826462388,
      0.0009056659182533622,
      0.0013505099341273308,
      0.0007535757613368332,
      0.0014437944628298283,
      0.0011940151453018188,
      0.001301303505897522,
      0.001175968791358173,
      0.0010581868700683117,
      0.0014384776586666703,
      0.001166575588285923,
      0.0011413400061428547,
      0.0010868575191125274,
      0.0011833719909191132,
      0.0006458573043346405,
      0.0009974408894777298,
      0.001191639108583331,
      0.0010144879342988133,
      0.0014664623886346817,
      0.000735093024559319,
      0.0010331063531339169,
      0.001049770973622799,
      0.0007431568810716271,
      0.001735013211145997,
      0.0013573712203651667,
      0.0011149251367896795,
      0.001205062260851264,
      0.0012493351241573691,
      0.0009210965945385396,
      0.001055622473359108,
      0.0009206410031765699,
      0.0010177327785640955,
      0.001291190623305738,
      0.0011069627944380045,
      0.0009361879783682525,
      0.0015033796662464738,
      0.0014440440572798252,
      0.0011121496791020036,
      0.0011090637417510152,
      0.0016686811577528715,
      0.0010220992844551802,
      0.001040346920490265,
      0.0011603147722780704,
      0.0008990900823846459,
      0.0010700899874791503,
      0.001186205307021737,
      0.0011562260333448648,
      0.000876977457664907,
      0.0010825162753462791,
      0.001317582093179226,
      0.0008626346243545413,
      0.0009779526153579354,
      0.0011452679755166173,
      0.0009477694402448833,
      0.0010815586429089308,
      0.0008160794386640191,
      0.0016886057564988732,
      0.0010900921188294888,
      0.0014495868235826492,
      0.0012773205526173115,
      0.0012036231346428394
    ]
  },
  "runtime": {
    "cuda_available": true,
    "device": "cuda",
    "seed": 1337,
    "seed_summary": {
      "cuda_manual_seed_all": true,
      "cudnn_deterministic": true,
      "numpy_random": 1337,
      "python_random": 1337,
      "torch": 1337
    },
    "torch_version": "2.5.1+cu124",
    "wall_seconds": 2743.953809379
  },
  "status": "train_complete",
  "summary_json": "runs/lanes/w7_ballretrain2_20260709/arm_finetunes/E3k_seed_official_aug/summary.json"
}
