{
  "checkpoint": {
    "latest_checkpoint": "runs/lanes/w7_ballretrain2_20260709/arm_probe/probe300/checkpoints/latest.pt",
    "loaded_state_sha256": "e39508c175a17ae58328cc7209f43cd2c471131a42be060d0dcc45c0683344fa",
    "round_trip_state_sha256_match": true,
    "state_sha256": "e39508c175a17ae58328cc7209f43cd2c471131a42be060d0dcc45c0683344fa",
    "step": 300
  },
  "loss": {
    "count": 300,
    "first": 0.0008108437759801745,
    "last": 0.0012486890191212296,
    "strictly_decreased": false,
    "values": [
      0.0008108437759801745,
      0.0009378944523632526,
      0.0009043634054251015,
      0.0022460278123617172,
      0.0010274581145495176,
      0.0023936929646879435,
      0.0007482036016881466,
      0.0007243201253004372,
      0.0007439274340867996,
      0.0006838582921773195,
      0.0007008496904745698,
      0.0019825678318738937,
      0.0004456721944734454,
      0.0017475970089435577,
      0.0011133590014651418,
      0.0007815895951353014,
      0.0010978678474202752,
      0.0021164356730878353,
      0.0010590925812721252,
      0.0006888815551064909,
      0.002255149884149432,
      0.001135387341491878,
      0.0009800924453884363,
      0.001526135834865272,
      0.0010110896546393633,
      0.0017514433711767197,
      0.0009836772223934531,
      0.0015280398074537516,
      0.0011453034821897745,
      0.0009080585441552103,
      0.001734873279929161,
      0.0011296197772026062,
      0.0010985721601173282,
      0.0007812489056959748,
      0.0014791693538427353,
      0.0011628579813987017,
      0.0012479601427912712,
      0.000945939333178103,
      0.001119506312534213,
      0.000921294093132019,
      0.0009510833770036697,
      0.0011742744827643037,
      0.0012900822330266237,
      0.0009967228397727013,
      0.000930154521483928,
      0.0010286387987434864,
      0.0007484821835532784,
      0.0006989319808781147,
      0.0010330044897273183,
      0.0007897262112237513,
      0.0012845095479860902,
      0.0018096116837114096,
      0.001419583335518837,
      0.0006516430294141173,
      0.0008883005357347429,
      0.0016334631945937872,
      0.001028970000334084,
      0.0023238640278577805,
      0.0009961549658328295,
      0.0011163786984980106,
      0.0011614521499723196,
      0.0011592254741117358,
      0.001034875400364399,
      0.0015319661470130086,
      0.0011106333695352077,
      0.0010272073559463024,
      0.0011371276341378689,
      0.0010899822227656841,
      0.0012466090265661478,
      0.0008823350653983653,
      0.001173580763861537,
      0.0010812958935275674,
      0.0010492625879123807,
      0.00263371504843235,
      0.0010013682767748833,
      0.00099033466540277,
      0.0009216092294082046,
      0.001728356466628611,
      0.001404056791216135,
      0.0009335529175586998,
      0.0009441048605367541,
      0.0009787414455786347,
      0.0022360992152243853,
      0.0010954131139442325,
      0.0021899589337408543,
      0.0017478574300184846,
      0.001088456716388464,
      0.0011497344821691513,
      0.0019786462653428316,
      0.0009102416224777699,
      0.001884549274109304,
      0.001257982337847352,
      0.0008643053006380796,
      0.0009637451730668545,
      0.0008623107569292188,
      0.001178177772089839,
      0.0015275718178600073,
      0.0016250403132289648,
      0.0009624784579500556,
      0.0008096744422800839,
      0.0011463590199127793,
      0.0009102125186473131,
      0.0009120918111875653,
      0.0011402297532185912,
      0.0010378813603892922,
      0.0013706062454730272,
      0.0010075934696942568,
      0.0006902404711581767,
      0.0009403307340107858,
      0.0019314399687573314,
      0.0009108484955504537,
      0.0010835783323273063,
      0.0010451311245560646,
      0.0020745303481817245,
      0.0009472043602727354,
      0.0010481250938028097,
      0.001919307978823781,
      0.001981307752430439,
      0.001307035912759602,
      0.00126663688570261,
      0.0006335524958558381,
      0.0009530668030492961,
      0.0008971927454695106,
      0.0010523132514208555,
      0.001251960638910532,
      0.0010051664430648088,
      0.0012148446403443813,
      0.0018709711730480194,
      0.0021427921019494534,
      0.001557126990519464,
      0.000984439393505454,
      0.0011816846672445536,
      0.0015214000595733523,
      0.0008875560015439987,
      0.0010422152699902654,
      0.0018392835045233369,
      0.0010411307448521256,
      0.001085938885807991,
      0.0019573660101741552,
      0.0017483090050518513,
      0.000969751039519906,
      0.0011050190078094602,
      0.0010680941632017493,
      0.0014460633974522352,
      0.000996028888039291,
      0.0011690986575558782,
      0.0015796045772731304,
      0.000882613705471158,
      0.001063567935489118,
      0.0011697867885231972,
      0.0007627110462635756,
      0.0016309977509081364,
      0.0013367064530029893,
      0.001276172581128776,
      0.0010559604270383716,
      0.0012320103123784065,
      0.0015917221317067742,
      0.0009321316611021757,
      0.002004045993089676,
      0.0010357722640037537,
      0.0010630125179886818,
      0.0010952737648040056,
      0.001046941615641117,
      0.0016795569099485874,
      0.001261688768863678,
      0.0016067549586296082,
      0.0011329508852213621,
      0.001939749694429338,
      0.0016026825178414583,
      0.0011764366645365953,
      0.0016427113441750407,
      0.00061914196703583,
      0.0011356158647686243,
      0.0010711511131376028,
      0.001695616403594613,
      0.0017852942692115903,
      0.001100198132917285,
      0.0010353010147809982,
      0.0014223996549844742,
      0.0009026494808495045,
      0.0009378008544445038,
      0.001945657772012055,
      0.0013611301546916366,
      0.0010932274162769318,
      0.0009273325558751822,
      0.0015703756362199783,
      0.0011897222138941288,
      0.000989994965493679,
      0.0011966296005994081,
      0.0013507682597264647,
      0.0009112450643442571,
      0.0009633054723963141,
      0.0011000846279785037,
      0.0026819941122084856,
      0.002193304244428873,
      0.0011908849701285362,
      0.0010101438965648413,
      0.0008184221806004643,
      0.0010015701409429312,
      0.001244921237230301,
      0.0010606787400320172,
      0.0013438321184366941,
      0.0015312980394810438,
      0.001611241023056209,
      0.001752563170157373,
      0.0017548177856951952,
      0.0009520122548565269,
      0.0009377390379086137,
      0.0009866758482530713,
      0.0010458652395755053,
      0.0009691462037153542,
      0.0012640858767554164,
      0.0009368477622047067,
      0.0009595706942491233,
      0.002364396583288908,
      0.0008922130800783634,
      0.0010124833788722754,
      0.0013633701018989086,
      0.0004987532738596201,
      0.00105618080124259,
      0.001013281405903399,
      0.0010202007833868265,
      0.001334289787337184,
      0.0009284064872190356,
      0.0008082677377387881,
      0.0009560154285281897,
      0.0011021432001143694,
      0.0012046354822814465,
      0.0008865902200341225,
      0.001039945986121893,
      0.001027834601700306,
      0.0012445083120837808,
      0.001293533481657505,
      0.0010283198207616806,
      0.0008969216723926365,
      0.0010384323541074991,
      0.0012752071488648653,
      0.0017118139658123255,
      0.0011905216379091144,
      0.0010448320535942912,
      0.0008895617793314159,
      0.0011977609246969223,
      0.001058222376741469,
      0.0010113163152709603,
      0.0010186739964410663,
      0.001310776686295867,
      0.0010162782855331898,
      0.0010814699344336987,
      0.0014341982314363122,
      0.001523264218121767,
      0.0012090879026800394,
      0.0011160082649439573,
      0.0008508424507454038,
      0.0016025810036808252,
      0.0008258933667093515,
      0.0009017629781737924,
      0.0007497756159864366,
      0.0012655836762860417,
      0.0013051177375018597,
      0.001817461452446878,
      0.0009172309655696154,
      0.0011576288379728794,
      0.001807462889701128,
      0.0010527861304581165,
      0.0013101259246468544,
      0.0020308897364884615,
      0.0027434732764959335,
      0.001248090178705752,
      0.0010305395117029548,
      0.0010139516089111567,
      0.001161328749731183,
      0.0013597067445516586,
      0.001037923851981759,
      0.0011757483007386327,
      0.001006911275908351,
      0.0010997983627021313,
      0.0010399838211014867,
      0.0016345428302884102,
      0.001545127248391509,
      0.0009284595143981278,
      0.001345248892903328,
      0.000914216972887516,
      0.0010379906743764877,
      0.0007967001292854548,
      0.001365559990517795,
      0.0008037617080844939,
      0.0012277280911803246,
      0.0020550100598484278,
      0.001172622200101614,
      0.0012424844317138195,
      0.0010951014701277018,
      0.0011369186686351895,
      0.0010186133440583944,
      0.0008244249038398266,
      0.0009171506972052157,
      0.0011309265391901135,
      0.001515112118795514,
      0.0009177303873002529,
      0.0008527974714525044,
      0.0012486890191212296
    ]
  },
  "runtime": {
    "cuda_available": true,
    "device": "cuda",
    "seed": 1337,
    "seed_summary": {
      "cuda_manual_seed_all": true,
      "cudnn_deterministic": true,
      "numpy_random": 1337,
      "python_random": 1337,
      "torch": 1337
    },
    "torch_version": "2.5.1+cu124",
    "wall_seconds": 888.48506393
  },
  "status": "train_complete",
  "summary_json": "runs/lanes/w7_ballretrain2_20260709/arm_probe/probe300/summary.json"
}
