ERROR: (gcloud.compute.instances.create) Could not fetch resource:
---
code: ZONE_RESOURCE_POOL_EXHAUSTED_WITH_DETAILS
errorDetails:
- help:
    links:
    - description: Troubleshooting documentation
      url: https://cloud.google.com/compute/docs/resource-error
- localizedMessage:
    locale: en-US
    message: A a3-highgpu-1g VM instance with 1 nvidia-h100-80gb accelerator(s) and
      2 local SSD(s) is currently unavailable in the asia-southeast1-b zone. Alternatively,
      you can try your request again with a different VM hardware configuration or
      at a later time. For more information, see the troubleshooting documentation.
- errorInfo:
    domain: compute.googleapis.com
    metadatas:
      attachment: local-ssd:2,nvidia-h100-80gb:1
      vmType: a3-highgpu-1g
      zone: asia-southeast1-b
      zonesAvailable: ''
    reason: resource_availability
message: The zone 'projects/gifted-electron-498923-h1/zones/asia-southeast1-b' does
  not have enough resources available to fulfill the request.  'NULL:0/NULL:0/NULL:0
  (state:STOCKOUT, sub-state:STOCKOUT, resource type:compute)'.

