1783642220
VmHWM:	  776928 kB
VmRSS:	  768280 kB
1783642221
VmHWM:	  776928 kB
VmRSS:	  768280 kB
1783642222
VmHWM:	  776928 kB
VmRSS:	  768280 kB
1783642223
VmHWM:	  776928 kB
VmRSS:	  768280 kB
1783642224
VmHWM:	  776928 kB
VmRSS:	  768280 kB
1783642225
VmHWM:	  776928 kB
VmRSS:	  768280 kB
1783642226
VmHWM:	  776928 kB
VmRSS:	  768280 kB
1783642227
VmHWM:	  776928 kB
VmRSS:	  768280 kB
1783642228
VmHWM:	  776928 kB
VmRSS:	  768280 kB
1783642229
VmHWM:	  776928 kB
VmRSS:	  768280 kB
1783642230
VmHWM:	  776928 kB
VmRSS:	  768280 kB
1783642231
VmHWM:	  776928 kB
VmRSS:	  768280 kB
1783642232
VmHWM:	  776928 kB
VmRSS:	  768280 kB
1783642233
VmHWM:	  776928 kB
VmRSS:	  768280 kB
1783642234
VmHWM:	  776928 kB
VmRSS:	  768280 kB
1783642235
VmHWM:	  776928 kB
VmRSS:	  768280 kB
1783642236
VmHWM:	  776928 kB
VmRSS:	  768280 kB
1783642237
VmHWM:	  837008 kB
VmRSS:	  837008 kB
1783642238
VmHWM:	  913260 kB
VmRSS:	  913260 kB
1783642239
VmHWM:	 1010268 kB
VmRSS:	 1010268 kB
1783642240
VmHWM:	 1098400 kB
VmRSS:	 1098400 kB
1783642241
VmHWM:	 1181616 kB
VmRSS:	 1181616 kB
1783642242
VmHWM:	 1263424 kB
VmRSS:	 1263424 kB
1783642243
VmHWM:	 1298492 kB
VmRSS:	 1298492 kB
1783642244
VmHWM:	 1334604 kB
VmRSS:	 1334604 kB
1783642245
VmHWM:	 1365976 kB
VmRSS:	 1365976 kB
1783642246
VmHWM:	 1414752 kB
VmRSS:	 1414752 kB
1783642247
VmHWM:	 1449124 kB
VmRSS:	 1449124 kB
1783642248
VmHWM:	 1482052 kB
VmRSS:	 1482052 kB
1783642249
VmHWM:	 1531120 kB
VmRSS:	 1531120 kB
1783642250
VmHWM:	 1559512 kB
VmRSS:	 1559512 kB
1783642251
VmHWM:	 1602484 kB
VmRSS:	 1602484 kB
1783642252
VmHWM:	 1638052 kB
VmRSS:	 1638052 kB
1783642253
VmHWM:	 1680404 kB
VmRSS:	 1680404 kB
1783642254
VmHWM:	 1712248 kB
VmRSS:	 1712248 kB
1783642255
VmHWM:	 1764120 kB
VmRSS:	 1764120 kB
1783642256
VmHWM:	 1786240 kB
VmRSS:	 1786240 kB
1783642257
VmHWM:	 1838112 kB
VmRSS:	 1838112 kB
1783642258
VmHWM:	 1869840 kB
VmRSS:	 1869840 kB
1783642259
VmHWM:	 1905608 kB
VmRSS:	 1905608 kB
1783642260
VmHWM:	 1957184 kB
VmRSS:	 1957184 kB
1783642261
VmHWM:	 1981348 kB
VmRSS:	 1981348 kB
1783642262
VmHWM:	 2023388 kB
VmRSS:	 2023388 kB
1783642263
VmHWM:	 2075396 kB
VmRSS:	 2075396 kB
1783642264
VmHWM:	 2107376 kB
VmRSS:	 2107376 kB
1783642265
VmHWM:	 2137672 kB
VmRSS:	 2137672 kB
1783642266
VmHWM:	 2188892 kB
VmRSS:	 2188892 kB
1783642267
VmHWM:	 2241136 kB
VmRSS:	 2241136 kB
1783642268
VmHWM:	 2249672 kB
VmRSS:	 2249672 kB
1783642269
VmHWM:	 2298684 kB
VmRSS:	 2298684 kB
1783642270
VmHWM:	 2350080 kB
VmRSS:	 2350080 kB
1783642271
VmHWM:	 2401512 kB
VmRSS:	 2401512 kB
1783642272
VmHWM:	 2409788 kB
VmRSS:	 2409788 kB
1783642273
VmHWM:	 2454932 kB
VmRSS:	 2454932 kB
1783642274
VmHWM:	 2506436 kB
VmRSS:	 2506436 kB
1783642275
VmHWM:	 2557944 kB
VmRSS:	 2557944 kB
1783642276
VmHWM:	 2589364 kB
VmRSS:	 2589364 kB
1783642277
VmHWM:	 2608768 kB
VmRSS:	 2608768 kB
1783642278
VmHWM:	 2660000 kB
VmRSS:	 2660000 kB
1783642279
VmHWM:	 2709340 kB
VmRSS:	 2709340 kB
1783642280
VmHWM:	 2760372 kB
VmRSS:	 2760372 kB
1783642281
VmHWM:	 2790708 kB
VmRSS:	 2790708 kB
1783642282
VmHWM:	 2801884 kB
VmRSS:	 2801884 kB
1783642283
VmHWM:	 2853540 kB
VmRSS:	 2853540 kB
1783642284
VmHWM:	 2905476 kB
VmRSS:	 2905476 kB
1783642285
VmHWM:	 2957396 kB
VmRSS:	 2957396 kB
1783642286
VmHWM:	 3009000 kB
VmRSS:	 3009000 kB
1783642287
VmHWM:	 3018536 kB
VmRSS:	 3018536 kB
1783642288
VmHWM:	 3046040 kB
VmRSS:	 3046040 kB
1783642289
VmHWM:	 3097916 kB
VmRSS:	 3097916 kB
1783642290
VmHWM:	 3149772 kB
VmRSS:	 3149772 kB
1783642291
VmHWM:	 3201648 kB
VmRSS:	 3201648 kB
1783642292
VmHWM:	 3253528 kB
VmRSS:	 3253528 kB
1783642293
VmHWM:	 3275768 kB
VmRSS:	 3275768 kB
1783642294
VmHWM:	 3277484 kB
VmRSS:	 3277484 kB
1783642295
VmHWM:	 3329300 kB
VmRSS:	 3329300 kB
1783642296
VmHWM:	 3380988 kB
VmRSS:	 3380988 kB
1783642297
VmHWM:	 3432884 kB
VmRSS:	 3432884 kB
1783642298
VmHWM:	 3484896 kB
VmRSS:	 3484896 kB
1783642299
VmHWM:	 3536616 kB
VmRSS:	 3536616 kB
1783642300
VmHWM:	 3562512 kB
VmRSS:	 3562512 kB
1783642301
VmHWM:	 3562512 kB
VmRSS:	 3562512 kB
1783642302
VmHWM:	 3609180 kB
VmRSS:	 3609180 kB
1783642303
VmHWM:	 3657380 kB
VmRSS:	 3657380 kB
1783642304
VmHWM:	 3708864 kB
VmRSS:	 3708864 kB
1783642305
VmHWM:	 3759904 kB
VmRSS:	 3759904 kB
1783642306
VmHWM:	 3811224 kB
VmRSS:	 3811224 kB
1783642307
VmHWM:	 3864156 kB
VmRSS:	 3864156 kB
1783642308
VmHWM:	 3886408 kB
VmRSS:	 3886408 kB
1783642309
VmHWM:	 3886408 kB
VmRSS:	 3886408 kB
1783642310
VmHWM:	 3927808 kB
VmRSS:	 3927808 kB
1783642311
VmHWM:	 3979460 kB
VmRSS:	 3979460 kB
1783642312
VmHWM:	 4027896 kB
VmRSS:	 4027896 kB
1783642313
VmHWM:	 4079932 kB
VmRSS:	 4079932 kB
1783642314
VmHWM:	 4131508 kB
VmRSS:	 4131508 kB
1783642315
VmHWM:	 4182404 kB
VmRSS:	 4182404 kB
1783642316
VmHWM:	 4234860 kB
VmRSS:	 4234860 kB
1783642317
VmHWM:	 4250196 kB
VmRSS:	 4250196 kB
1783642318
VmHWM:	 4250196 kB
VmRSS:	 4250196 kB
1783642319
VmHWM:	 4284596 kB
VmRSS:	 4284596 kB
1783642320
VmHWM:	 4336400 kB
VmRSS:	 4336400 kB
1783642321
VmHWM:	 4388324 kB
VmRSS:	 4388324 kB
1783642322
VmHWM:	 4439956 kB
VmRSS:	 4439956 kB
1783642323
VmHWM:	 4491928 kB
VmRSS:	 4491928 kB
1783642324
VmHWM:	 4545300 kB
VmRSS:	 4545300 kB
1783642325
VmHWM:	 4599932 kB
VmRSS:	 4599932 kB
1783642326
VmHWM:	 4653964 kB
VmRSS:	 4653964 kB
1783642327
VmHWM:	 4661368 kB
VmRSS:	 4661368 kB
1783642328
VmHWM:	 4661368 kB
VmRSS:	 4661368 kB
1783642329
VmHWM:	 4690996 kB
VmRSS:	 4690996 kB
1783642330
VmHWM:	 4742884 kB
VmRSS:	 4742884 kB
1783642331
VmHWM:	 4794752 kB
VmRSS:	 4794752 kB
1783642332
VmHWM:	 4846604 kB
VmRSS:	 4846604 kB
1783642333
VmHWM:	 4898472 kB
VmRSS:	 4898472 kB
1783642334
VmHWM:	 4949776 kB
VmRSS:	 4949776 kB
1783642335
VmHWM:	 4998380 kB
VmRSS:	 4998380 kB
1783642336
VmHWM:	 5050448 kB
VmRSS:	 5050448 kB
1783642337
VmHWM:	 5101800 kB
VmRSS:	 5101800 kB
1783642338
VmHWM:	 5122536 kB
VmRSS:	 5122536 kB
1783642339
VmHWM:	 5122536 kB
VmRSS:	 5122536 kB
1783642340
VmHWM:	 5128188 kB
VmRSS:	 5128188 kB
1783642341
VmHWM:	 5180052 kB
VmRSS:	 5180052 kB
1783642342
VmHWM:	 5232156 kB
VmRSS:	 5232156 kB
1783642343
VmHWM:	 5284144 kB
VmRSS:	 5284144 kB
1783642344
VmHWM:	 5335896 kB
VmRSS:	 5335896 kB
1783642345
VmHWM:	 5387756 kB
VmRSS:	 5387756 kB
1783642346
VmHWM:	 5439808 kB
VmRSS:	 5439808 kB
1783642347
VmHWM:	 5491492 kB
VmRSS:	 5491492 kB
1783642348
VmHWM:	 5543356 kB
VmRSS:	 5543356 kB
1783642349
VmHWM:	 5595484 kB
VmRSS:	 5595484 kB
1783642350
VmHWM:	 5641512 kB
VmRSS:	 5641512 kB
1783642351
VmHWM:	 5641512 kB
VmRSS:	 5641512 kB
1783642352
VmHWM:	 5641512 kB
VmRSS:	 5641512 kB
1783642353
VmHWM:	 5654520 kB
VmRSS:	 5654520 kB
1783642354
VmHWM:	 5706532 kB
VmRSS:	 5706532 kB
1783642355
VmHWM:	 5758240 kB
VmRSS:	 5758240 kB
1783642356
VmHWM:	 5810124 kB
VmRSS:	 5810124 kB
1783642357
VmHWM:	 5863872 kB
VmRSS:	 5863872 kB
1783642358
VmHWM:	 5918308 kB
VmRSS:	 5918308 kB
1783642359
VmHWM:	 5973268 kB
VmRSS:	 5973268 kB
1783642360
VmHWM:	 6026268 kB
VmRSS:	 6026268 kB
1783642361
VmHWM:	 6078440 kB
VmRSS:	 6078440 kB
1783642362
VmHWM:	 6131284 kB
VmRSS:	 6131284 kB
1783642363
VmHWM:	 6182628 kB
VmRSS:	 6182628 kB
1783642364
VmHWM:	 6225196 kB
VmRSS:	 6225196 kB
1783642365
VmHWM:	 6225196 kB
VmRSS:	 6225196 kB
1783642366
VmHWM:	 6225196 kB
VmRSS:	 6225196 kB
1783642367
VmHWM:	 6225616 kB
VmRSS:	 6225616 kB
1783642368
VmHWM:	 6277412 kB
VmRSS:	 6277412 kB
1783642369
VmHWM:	 6329316 kB
VmRSS:	 6329316 kB
1783642370
VmHWM:	 6382256 kB
VmRSS:	 6382256 kB
1783642371
VmHWM:	 6435652 kB
VmRSS:	 6435652 kB
1783642372
VmHWM:	 6491564 kB
VmRSS:	 6491564 kB
1783642373
VmHWM:	 6549712 kB
VmRSS:	 6549712 kB
1783642374
VmHWM:	 6614292 kB
VmRSS:	 6614292 kB
1783642375
VmHWM:	 6675292 kB
VmRSS:	 6675292 kB
1783642376
VmHWM:	 6734788 kB
VmRSS:	 6734788 kB
1783642377
VmHWM:	 6795084 kB
VmRSS:	 6795084 kB
1783642378
VmHWM:	 6857660 kB
VmRSS:	 6857660 kB
1783642379
VmHWM:	 6918656 kB
VmRSS:	 6918656 kB
1783642380
VmHWM:	 6963784 kB
VmRSS:	 6963784 kB
1783642381
VmHWM:	 6963784 kB
VmRSS:	 6963784 kB
1783642382
VmHWM:	 6963784 kB
VmRSS:	 6963784 kB
1783642383
VmHWM:	 6963784 kB
VmRSS:	 6963784 kB
1783642384
VmHWM:	 7004844 kB
VmRSS:	 7004844 kB
1783642385
VmHWM:	 7064776 kB
VmRSS:	 7064776 kB
1783642386
VmHWM:	 7126624 kB
VmRSS:	 7126624 kB
1783642387
VmHWM:	 7185804 kB
VmRSS:	 7185804 kB
1783642388
VmHWM:	 7244968 kB
VmRSS:	 7244968 kB
1783642389
VmHWM:	 7304696 kB
VmRSS:	 7304696 kB
1783642390
VmHWM:	 7364784 kB
VmRSS:	 7364784 kB
1783642391
VmHWM:	 7423964 kB
VmRSS:	 7423964 kB
1783642392
VmHWM:	 7483288 kB
VmRSS:	 7483288 kB
1783642393
VmHWM:	 7542468 kB
VmRSS:	 7542468 kB
1783642394
VmHWM:	 7601656 kB
VmRSS:	 7601656 kB
1783642395
VmHWM:	 7663108 kB
VmRSS:	 7663108 kB
1783642396
VmHWM:	 7723340 kB
VmRSS:	 7723340 kB
1783642397
VmHWM:	 7782324 kB
VmRSS:	 7782324 kB
1783642398
VmHWM:	 7842096 kB
VmRSS:	 7842096 kB
1783642399
VmHWM:	 7859140 kB
VmRSS:	 7859140 kB
1783642400
VmHWM:	 7859140 kB
VmRSS:	 7859140 kB
1783642401
VmHWM:	 7859140 kB
VmRSS:	 7859140 kB
1783642402
VmHWM:	 7859140 kB
VmRSS:	 7859140 kB
1783642403
VmHWM:	 7895528 kB
VmRSS:	 7895528 kB
1783642404
VmHWM:	 7955448 kB
VmRSS:	 7955448 kB
1783642405
VmHWM:	 8014608 kB
VmRSS:	 8014608 kB
1783642406
VmHWM:	 8073792 kB
VmRSS:	 8073792 kB
1783642407
VmHWM:	 8134392 kB
VmRSS:	 8134392 kB
1783642408
VmHWM:	 8193572 kB
VmRSS:	 8193572 kB
1783642409
VmHWM:	 8252732 kB
VmRSS:	 8252732 kB
1783642410
VmHWM:	 8311972 kB
VmRSS:	 8311972 kB
1783642411
VmHWM:	 8373348 kB
VmRSS:	 8373348 kB
1783642412
VmHWM:	 8433716 kB
VmRSS:	 8433716 kB
1783642413
VmHWM:	 8494872 kB
VmRSS:	 8494872 kB
1783642414
VmHWM:	 8554752 kB
VmRSS:	 8554752 kB
1783642415
VmHWM:	 8613916 kB
VmRSS:	 8613916 kB
1783642416
VmHWM:	 8674524 kB
VmRSS:	 8674524 kB
1783642418
VmHWM:	 8733708 kB
VmRSS:	 8733708 kB
1783642419
VmHWM:	 8792904 kB
VmRSS:	 8792904 kB
1783642420
VmHWM:	 8852068 kB
VmRSS:	 8852068 kB
1783642421
VmHWM:	 8889216 kB
VmRSS:	 8889216 kB
1783642422
VmHWM:	 8889216 kB
VmRSS:	 8889216 kB
1783642423
VmHWM:	 8889216 kB
VmRSS:	 8889216 kB
1783642424
VmHWM:	 8889216 kB
VmRSS:	 8889216 kB
1783642425
VmHWM:	 8889216 kB
VmRSS:	 8889216 kB
1783642426
VmHWM:	 8931888 kB
VmRSS:	 8931888 kB
1783642427
VmHWM:	 8989372 kB
VmRSS:	 8989372 kB
1783642428
VmHWM:	 9047964 kB
VmRSS:	 9047964 kB
1783642429
VmHWM:	 9106592 kB
VmRSS:	 9106592 kB
1783642430
VmHWM:	 9162900 kB
VmRSS:	 9162900 kB
1783642431
VmHWM:	 9222084 kB
VmRSS:	 9222084 kB
1783642432
VmHWM:	 9281260 kB
VmRSS:	 9281260 kB
1783642433
VmHWM:	 9340612 kB
VmRSS:	 9340612 kB
1783642434
VmHWM:	 9399772 kB
VmRSS:	 9399772 kB
1783642435
VmHWM:	 9458952 kB
VmRSS:	 9458952 kB
1783642436
VmHWM:	 9516680 kB
VmRSS:	 9516680 kB
1783642437
VmHWM:	 9575880 kB
VmRSS:	 9575880 kB
1783642438
VmHWM:	 9634396 kB
VmRSS:	 9634396 kB
1783642439
VmHWM:	 9693384 kB
VmRSS:	 9693384 kB
1783642440
VmHWM:	 9752064 kB
VmRSS:	 9752064 kB
1783642441
VmHWM:	 9810172 kB
VmRSS:	 9810172 kB
1783642442
VmHWM:	 9868580 kB
VmRSS:	 9868580 kB
1783642443
VmHWM:	 9927964 kB
VmRSS:	 9927964 kB
1783642444
VmHWM:	 9984620 kB
VmRSS:	 9984620 kB
1783642445
VmHWM:	10043800 kB
VmRSS:	10043800 kB
1783642446
VmHWM:	10073180 kB
VmRSS:	10073180 kB
1783642447
VmHWM:	10073180 kB
VmRSS:	10073180 kB
1783642448
VmHWM:	10073180 kB
VmRSS:	10073180 kB
1783642449
VmHWM:	10073180 kB
VmRSS:	10073180 kB
1783642450
VmHWM:	10073180 kB
VmRSS:	10073180 kB
1783642451
VmHWM:	10083936 kB
VmRSS:	10083936 kB
1783642452
VmHWM:	10143356 kB
VmRSS:	10143356 kB
1783642453
VmHWM:	10199444 kB
VmRSS:	10199444 kB
1783642454
VmHWM:	10258480 kB
VmRSS:	10258480 kB
1783642455
VmHWM:	10317640 kB
VmRSS:	10317640 kB
1783642456
VmHWM:	10376820 kB
VmRSS:	10376820 kB
1783642457
VmHWM:	10435988 kB
VmRSS:	10435988 kB
1783642458
VmHWM:	10495180 kB
VmRSS:	10495180 kB
1783642459
VmHWM:	10554496 kB
VmRSS:	10554496 kB
1783642460
VmHWM:	10612248 kB
VmRSS:	10612248 kB
1783642461
VmHWM:	10671428 kB
VmRSS:	10671428 kB
1783642462
VmHWM:	10730620 kB
VmRSS:	10730620 kB
1783642463
VmHWM:	10789784 kB
VmRSS:	10789784 kB
1783642464
VmHWM:	10848968 kB
VmRSS:	10848968 kB
1783642465
VmHWM:	10908132 kB
VmRSS:	10908132 kB
1783642466
VmHWM:	10966440 kB
VmRSS:	10966440 kB
1783642467
VmHWM:	11025276 kB
VmRSS:	11025276 kB
1783642468
VmHWM:	11084632 kB
VmRSS:	11084632 kB
1783642469
VmHWM:	11143592 kB
VmRSS:	11143592 kB
1783642470
VmHWM:	11202400 kB
VmRSS:	11202400 kB
1783642471
VmHWM:	11260444 kB
VmRSS:	11260444 kB
1783642472
VmHWM:	11316580 kB
VmRSS:	11316580 kB
1783642473
VmHWM:	11375748 kB
VmRSS:	11375748 kB
1783642474
VmHWM:	11434924 kB
VmRSS:	11434924 kB
1783642475
VmHWM:	11436284 kB
VmRSS:	11436284 kB
1783642476
VmHWM:	11436284 kB
VmRSS:	11436284 kB
1783642477
VmHWM:	11436284 kB
VmRSS:	11436284 kB
1783642478
VmHWM:	11436284 kB
VmRSS:	11436284 kB
1783642479
VmHWM:	11436284 kB
VmRSS:	11436284 kB
1783642480
VmHWM:	11436284 kB
VmRSS:	11436284 kB
1783642481
VmHWM:	11489772 kB
VmRSS:	11489772 kB
1783642482
VmHWM:	11547244 kB
VmRSS:	11547244 kB
1783642483
VmHWM:	11607788 kB
VmRSS:	11607788 kB
1783642484
VmHWM:	11664560 kB
VmRSS:	11664560 kB
1783642485
VmHWM:	12095644 kB
VmRSS:	12095644 kB
1783642486
VmHWM:	13006840 kB
VmRSS:	13006840 kB
1783642487
VmHWM:	13915024 kB
VmRSS:	13915024 kB
1783642488
VmHWM:	14267852 kB
VmRSS:	14267852 kB
1783642489
VmHWM:	14267852 kB
VmRSS:	14267852 kB
1783642490
VmHWM:	14267852 kB
VmRSS:	14267852 kB
1783642491
VmHWM:	14267852 kB
VmRSS:	14267852 kB
1783642492
VmHWM:	14267852 kB
VmRSS:	14267852 kB
1783642493
VmHWM:	14267852 kB
VmRSS:	14267852 kB
1783642494
VmHWM:	14267852 kB
VmRSS:	14267852 kB
1783642495
VmHWM:	14267852 kB
VmRSS:	14267852 kB
1783642496
VmHWM:	14267852 kB
VmRSS:	14267852 kB
1783642497
VmHWM:	14267852 kB
VmRSS:	14267852 kB
1783642498
VmHWM:	14267852 kB
VmRSS:	14267852 kB
1783642499
VmHWM:	14267852 kB
VmRSS:	14267852 kB
1783642500
VmHWM:	14267852 kB
VmRSS:	14267852 kB
1783642501
VmHWM:	14267852 kB
VmRSS:	14267852 kB
1783642502
VmHWM:	14319364 kB
VmRSS:	14319364 kB
1783642503
VmHWM:	14319364 kB
VmRSS:	14319364 kB
1783642504
VmHWM:	14319364 kB
VmRSS:	14319364 kB
1783642505
VmHWM:	14319364 kB
VmRSS:	14319364 kB
1783642506
VmHWM:	14319364 kB
VmRSS:	14319364 kB
1783642507
VmHWM:	14319364 kB
VmRSS:	14319364 kB
1783642508
VmHWM:	14319364 kB
VmRSS:	14319364 kB
1783642509
VmHWM:	14368696 kB
VmRSS:	14368696 kB
1783642510
VmHWM:	14767632 kB
VmRSS:	14767632 kB
1783642511
VmHWM:	15160912 kB
VmRSS:	15160912 kB
1783642512
VmHWM:	15567404 kB
VmRSS:	15567404 kB
1783642513
VmHWM:	15628604 kB
VmRSS:	15628604 kB
1783642514
VmHWM:	15645312 kB
VmRSS:	15645312 kB
1783642515
VmHWM:	15652620 kB
VmRSS:	15652620 kB
1783642516
VmHWM:	15904456 kB
VmRSS:	15904456 kB
1783642517
VmHWM:	16080136 kB
VmRSS:	16037636 kB
1783642518
VmHWM:	16080136 kB
VmRSS:	16034340 kB
1783642519
VmHWM:	16080136 kB
VmRSS:	13524520 kB
1783642520
VmHWM:	16080136 kB
VmRSS:	12235264 kB
1783642521
VmHWM:	16080136 kB
VmRSS:	12235424 kB
1783642522
VmHWM:	16080136 kB
VmRSS:	12236496 kB
1783642523
VmHWM:	16080136 kB
VmRSS:	12236808 kB
1783642524
VmHWM:	16080136 kB
VmRSS:	12236820 kB
1783642525
VmHWM:	16080136 kB
VmRSS:	12236848 kB
1783642526
VmHWM:	16080136 kB
VmRSS:	12236848 kB
1783642527
VmHWM:	16080136 kB
VmRSS:	12236852 kB
1783642528
VmHWM:	16080136 kB
VmRSS:	12236852 kB
1783642529
VmHWM:	16080136 kB
VmRSS:	12236852 kB
1783642530
VmHWM:	16080136 kB
VmRSS:	12236852 kB
1783642531
VmHWM:	16080136 kB
VmRSS:	12236852 kB
1783642532
VmHWM:	16080136 kB
VmRSS:	12236852 kB
1783642533
VmHWM:	16080136 kB
VmRSS:	12236852 kB
1783642534
VmHWM:	16080136 kB
VmRSS:	12236852 kB
1783642535
VmHWM:	16080136 kB
VmRSS:	12236852 kB
1783642536
VmHWM:	16080136 kB
VmRSS:	12236852 kB
1783642537
VmHWM:	16080136 kB
VmRSS:	12236852 kB
1783642538
VmHWM:	16080136 kB
VmRSS:	12236852 kB
1783642539
VmHWM:	16080136 kB
VmRSS:	12236852 kB
1783642540
VmHWM:	16080136 kB
VmRSS:	12236852 kB
1783642541
VmHWM:	16080136 kB
VmRSS:	12236852 kB
1783642542
VmHWM:	16080136 kB
VmRSS:	12236852 kB
1783642543
VmHWM:	16080136 kB
VmRSS:	12236852 kB
1783642544
VmHWM:	16080136 kB
VmRSS:	12236852 kB
1783642545
VmHWM:	16080136 kB
VmRSS:	12236852 kB
1783642546
VmHWM:	16080136 kB
VmRSS:	12236852 kB
1783642547
VmHWM:	16080136 kB
VmRSS:	12236852 kB
1783642548
VmHWM:	16080136 kB
VmRSS:	12236852 kB
1783642549
VmHWM:	16080136 kB
VmRSS:	12236852 kB
1783642550
VmHWM:	16080136 kB
VmRSS:	12236852 kB
1783642551
VmHWM:	16080136 kB
VmRSS:	12236852 kB
1783642552
VmHWM:	16080136 kB
VmRSS:	12236852 kB
1783642553
VmHWM:	16080136 kB
VmRSS:	12236852 kB
1783642554
VmHWM:	16080136 kB
VmRSS:	11768888 kB
1783642555
VmHWM:	16080136 kB
VmRSS:	 9050168 kB
1783642556
VmHWM:	16080136 kB
VmRSS:	 2187612 kB
1783642557
VmHWM:	16080136 kB
VmRSS:	 1848572 kB
