PIPELINE SUMMARY
status: complete
clip: wolverine_mixed_0200_mid_steep_corner
wall_seconds: 869.76
clip_dir: /Users/arnavchokshi/Desktop/pickleball/runs/lanes/w4_freshproof_20260707/wolverine/wolverine_mixed_0200_mid_steep_corner/wolverine_mixed_0200_mid_steep_corner
stages:
- ingest: ran (4.23s)
    ingested /Users/arnavchokshi/Desktop/pickleball/eval_clips/ball/wolverine_mixed_0200_mid_steep_corner/source.mp4 as source.mp4 (1920x1080 @ 30.000fps)
    wrote frame_times.json from ffprobe PTS
- calibration: ran [preview] (4.236s)
    auto-discovered externally-provided court calibration from /Users/arnavchokshi/Desktop/pickleball/eval_clips/ball/wolverine_mixed_0200_mid_steep_corner/labels/court_calibration_metric15pt.json (intrinsics.source='metric_15pt_reviewed'); schema + intrinsics.source validated (threed.racketsport.orchestrator.ExternalCalibrationRunner), PnP re-derivation from --court-corners/--capture-sidecar skipped
- tracking: reused [low_confidence] (0.031s)
    reused already-computed champion tracks.json from /Users/arnavchokshi/Desktop/pickleball/runs/lanes/p06_freshworlds_20260706/wolverine/wolverine_mixed_0200_mid_steep_corner/tracks_prewrite_backup.json (resume/reuse path)
- camera_motion: skipped [preview] (4.193s)
    camera_motion AUTO probe classified clip as static; placement will use the default no-camera-motion path
    motion_score=0.128824 threshold=2.5
- placement: ran (1.551s)
    rewrote tracks.json world_xy via foot-keypoint placement fusion
    coverage_unchanged=True
    source_counts(bbox=680)
    camera_motion=not_used source=auto_disabled frames_used=0 frames_uncompensated=0
    side_recompute(player=18: side None->far, role None->left)
    side_recompute(player=19: side None->near, role None->left)
    side_recompute(player=20: side None->far, role None->right)
    side_recompute(player=21: side None->near, role None->right)
    placement_guards(centerline_gap_clamped_frames=0, divergence_snap_frames=93, fallback_transition_blends=158, gap_hold_frames=0, gap_interpolated_frames=0, native2d_dropped=0, native2d_reassigned=0, net_gap_clamped_frames=0, sam3d_dropped=0, sam3d_reassigned=0, written_speed_capped_frames=140)
    foot_contact_phases=foot_contact_phases.json
- frames: ran (3.87s)
    bounded default schedule: 244 frame(s) carry at least one tracked player (Lane A pose is joints-everywhere, not tier-scheduled -- frame_compute_plan.json does not exist yet on a cold start, since process_video.py's events stage runs after pose)
    extracted 244 scheduled JPEG(s) into body_frames/ (13.39 MB) via ffmpeg (threed.racketsport.body_frame_materialization, the same extraction body_video_smoke.py already exercises)
- ball: reused [low_confidence] (0.164s)
    reused explicit --ball-track ball_track.json from /Users/arnavchokshi/Desktop/pickleball/runs/lanes/p06_freshworlds_20260706/wolverine/wolverine_mixed_0200_mid_steep_corner/ball_track.json
    no court_corners.json available for bounce/in-out geometry; ball_track.json has trajectory only
- ball_arc: ran (65.277s)
    ran default ball_arc chain: auto-bounce candidates -> single-primary-track arc solver -> flight-sanity demotion
    ball_arc chain ran in degraded config mode: no candidate sidecars were available
- events: ran (0.729s)
    SAM-3D skeleton unavailable before BODY; wrist_velocity_peaks.json is blocked, not pose-derived
    derived ball_inflections.json from ball_track.json
    extracted audio_onsets_v2.json (0 onsets; refines contact timing only)
    fused contact_windows.json; cues used: wrist=missing, ball_inflections=available, audio=missing, reviewed_contacts=missing, missing=wrist,audio,reviewed_contacts
    wrote frame_compute_plan.json (deep_mesh_windows authoritative: MESH only at contact windows, 100 frames, JOINTS everywhere else)
    ball_aware mesh scheduling: loaded events_selected.json from /Users/arnavchokshi/Desktop/pickleball/runs/lanes/w4_freshproof_20260707/wolverine/wolverine_mixed_0200_mid_steep_corner/wolverine_mixed_0200_mid_steep_corner/events_selected.json
    ball_aware mesh scheduling: loaded ball_track_arc_solved.json from /Users/arnavchokshi/Desktop/pickleball/runs/lanes/w4_freshproof_20260707/wolverine/wolverine_mixed_0200_mid_steep_corner/wolverine_mixed_0200_mid_steep_corner/ball_track_arc_solved.json
- ball_fill: ran (0.805s)
    built render-only ball_track_physics_filled.json; output is not for BALL detection metrics, gates, training, or promotion
    applied ball_physics3d calibrated two-arc z reconstruction (rmse_px=0.7826654043332113)
- body: ran [low_confidence] (783.682s)
    remote calibration seed: derived capture_sidecar.json corner taps from the external court_calibration.json's own image_pts/world_pts (remote's committed orchestrator re-derives calibration from manual taps; the local world keeps the trusted external calibration)
    dispatched BODY stage to arnavchokshi@34.21.239.35:/home/arnavchokshi/coldstart_20260706/repo/runs/process_video_body_dispatch/wolverine_mixed_0200_mid_steep_corner_20260707T210554Z under scripts/gpu-eval-run.sh (shared slot lease)
    remote BODY phase timing: transport=tar_batch preflight=8.492s mkdir=7.193s upload=330.844s remote_command=383.841s download=50.425s upload_bytes=18277555 download_bytes=37203689
    fetched BODY default artifacts only; smpl_motion.json and body_mesh.json were not built on the VM (speed default; rerun with --fetch-body-monoliths to produce them)
    fetched body_mesh_index/ windowed mesh directory for replay review; not a BODY verification claim
    synced back: version_stamp.json, remote_version_verification.json, skeleton3d.json, body_compute_execution.json, body_mesh_readiness.json, body_joint_quality.json, body_full_clip_gate.json, body_grounding_quality.json, body_serialization_timing.json, body_stage_phase_timing.json, sam3d_keypoints_2d.json, sam3d_tier2_config.json, sam3d_body_input_prep.json, remote_sam3d_tier2_dispatch_config.json, contact_splice.json, frame_compute_plan.json, wrist_velocity_peaks.json, ball_inflections.json, contact_windows.json, pipeline_run.json, body_mesh_index/
    remote BODY result is skeleton-level only with no smpl_motion.json; retained as a low-confidence SAM-3D BODY skeleton and not claimed as mesh output
- placement_refine: skipped (0.0s)
    same-pass post-BODY placement_refine is disabled by R3; SAM3D foot pixels may only feed a second pass before a fresh BODY run, never an in-place tracks.json rewrite before world build
- grounding_refine: skipped (0.001s)
    grounding_refine skipped_no_contact_phases: zero contact phases detected, so BODY/skeleton artifacts passed through untouched
    render-honest estimated grounding, not gate evidence
- world: ran (0.559s)
    assembled virtual_world.json with per-entity trust bands (never invented; read from real upstream state)
- confidence_gate: ran (0.431s)
    applied Wave-B confidence gate additively; raw virtual_world.json remains on disk
    no Outdoor/Indoor labels read; gate consumes run-dir artifacts only
    no calibration_curves.json found; physics predictions fall back to conservative low bands
    absent PHYS artifact(s) passed through with provenance where possible: physics_footlock.json, racket_pose_estimate.json
- manifest: ran (0.001s)
    built replay_viewer_manifest.json with confidence_gated_world.json as world URL
    mesh_status=windowed_index
    body_mesh.json not fetched (speed default); using body_mesh_index/ for review-only mesh wiring
    no replay_scene.json written: no tight contact-window/rally point spans available
