1783643053
VmHWM:	  777048 kB
VmRSS:	  768536 kB
1783643054
VmHWM:	  777048 kB
VmRSS:	  768536 kB
1783643055
VmHWM:	  777048 kB
VmRSS:	  768536 kB
1783643056
VmHWM:	  777048 kB
VmRSS:	  768536 kB
1783643057
VmHWM:	  777048 kB
VmRSS:	  768536 kB
1783643058
VmHWM:	  777048 kB
VmRSS:	  768536 kB
1783643059
VmHWM:	  777048 kB
VmRSS:	  768536 kB
1783643060
VmHWM:	  777048 kB
VmRSS:	  768536 kB
1783643061
VmHWM:	  777048 kB
VmRSS:	  768536 kB
1783643062
VmHWM:	  777048 kB
VmRSS:	  768536 kB
1783643063
VmHWM:	  777048 kB
VmRSS:	  768536 kB
1783643064
VmHWM:	  777048 kB
VmRSS:	  768536 kB
1783643065
VmHWM:	  777048 kB
VmRSS:	  768536 kB
1783643066
VmHWM:	  777048 kB
VmRSS:	  768536 kB
1783643067
VmHWM:	  777048 kB
VmRSS:	  768536 kB
1783643068
VmHWM:	  777048 kB
VmRSS:	  768536 kB
1783643069
VmHWM:	  777048 kB
VmRSS:	  768536 kB
1783643070
VmHWM:	  777048 kB
VmRSS:	  768536 kB
1783643071
VmHWM:	  786176 kB
VmRSS:	  786176 kB
1783643072
VmHWM:	  871736 kB
VmRSS:	  871736 kB
1783643073
VmHWM:	  946772 kB
VmRSS:	  946772 kB
1783643074
VmHWM:	 1040516 kB
VmRSS:	 1040516 kB
1783643075
VmHWM:	 1122972 kB
VmRSS:	 1122972 kB
1783643076
VmHWM:	 1242628 kB
VmRSS:	 1242628 kB
1783643077
VmHWM:	 1323184 kB
VmRSS:	 1323184 kB
1783643078
VmHWM:	 1453164 kB
VmRSS:	 1453164 kB
1783643079
VmHWM:	 1546604 kB
VmRSS:	 1546604 kB
1783643080
VmHWM:	 1674184 kB
VmRSS:	 1674184 kB
1783643081
VmHWM:	 1795456 kB
VmRSS:	 1795456 kB
1783643082
VmHWM:	 1916732 kB
VmRSS:	 1916732 kB
1783643083
VmHWM:	 2079176 kB
VmRSS:	 2079176 kB
1783643084
VmHWM:	 2237092 kB
VmRSS:	 2237092 kB
1783643085
VmHWM:	 2310624 kB
VmRSS:	 2310624 kB
1783643086
VmHWM:	 2483300 kB
VmRSS:	 2483300 kB
1783643087
VmHWM:	 2599144 kB
VmRSS:	 2599144 kB
1783643088
VmHWM:	 2729104 kB
VmRSS:	 2729104 kB
1783643089
VmHWM:	 2868380 kB
VmRSS:	 2868380 kB
1783643090
VmHWM:	 3013084 kB
VmRSS:	 3013084 kB
1783643091
VmHWM:	 3108960 kB
VmRSS:	 3108960 kB
1783643092
VmHWM:	 3339664 kB
VmRSS:	 3339664 kB
1783643093
VmHWM:	 3339664 kB
VmRSS:	 3339664 kB
1783643094
VmHWM:	 3564264 kB
VmRSS:	 3564264 kB
1783643095
VmHWM:	 3715816 kB
VmRSS:	 3715816 kB
1783643096
VmHWM:	 3736432 kB
VmRSS:	 3736432 kB
1783643097
VmHWM:	 3980856 kB
VmRSS:	 3980856 kB
1783643098
VmHWM:	 4148900 kB
VmRSS:	 4148900 kB
1783643099
VmHWM:	 4148900 kB
VmRSS:	 4148900 kB
1783643100
VmHWM:	 4353408 kB
VmRSS:	 4353408 kB
1783643101
VmHWM:	 4595340 kB
VmRSS:	 4595340 kB
1783643102
VmHWM:	 4644468 kB
VmRSS:	 4644468 kB
1783643103
VmHWM:	 4672080 kB
VmRSS:	 4672080 kB
1783643104
VmHWM:	 4920348 kB
VmRSS:	 4920348 kB
1783643105
VmHWM:	 5165960 kB
VmRSS:	 5165960 kB
1783643106
VmHWM:	 5214952 kB
VmRSS:	 5214952 kB
1783643107
VmHWM:	 5214952 kB
VmRSS:	 5214952 kB
1783643108
VmHWM:	 5436584 kB
VmRSS:	 5436584 kB
1783643109
VmHWM:	 5681124 kB
VmRSS:	 5681124 kB
1783643110
VmHWM:	 5872976 kB
VmRSS:	 5872976 kB
1783643111
VmHWM:	 5872976 kB
VmRSS:	 5872976 kB
1783643112
VmHWM:	 5878340 kB
VmRSS:	 5878340 kB
1783643113
VmHWM:	 6128172 kB
VmRSS:	 6128172 kB
1783643114
VmHWM:	 6372244 kB
VmRSS:	 6372244 kB
1783643115
VmHWM:	 6621600 kB
VmRSS:	 6621600 kB
1783643116
VmHWM:	 6629760 kB
VmRSS:	 6629760 kB
1783643117
VmHWM:	 6629760 kB
VmRSS:	 6629760 kB
1783643118
VmHWM:	 6745128 kB
VmRSS:	 6745128 kB
1783643119
VmHWM:	 6994572 kB
VmRSS:	 6994572 kB
1783643120
VmHWM:	 7240612 kB
VmRSS:	 7240612 kB
1783643121
VmHWM:	 7488172 kB
VmRSS:	 7488172 kB
1783643122
VmHWM:	 7496228 kB
VmRSS:	 7496228 kB
1783643123
VmHWM:	 7496228 kB
VmRSS:	 7496228 kB
1783643124
VmHWM:	 7523836 kB
VmRSS:	 7523836 kB
1783643125
VmHWM:	 7765356 kB
VmRSS:	 7765356 kB
1783643126
VmHWM:	 8014032 kB
VmRSS:	 8014032 kB
1783643127
VmHWM:	 8263984 kB
VmRSS:	 8263984 kB
1783643128
VmHWM:	 8494560 kB
VmRSS:	 8494560 kB
1783643129
VmHWM:	 8494560 kB
VmRSS:	 8494560 kB
1783643130
VmHWM:	 8494560 kB
VmRSS:	 8494560 kB
1783643131
VmHWM:	 8494560 kB
VmRSS:	 8494560 kB
1783643132
VmHWM:	 8697000 kB
VmRSS:	 8697000 kB
1783643133
VmHWM:	 8943992 kB
VmRSS:	 8943992 kB
1783643134
VmHWM:	 9040032 kB
VmRSS:	 9039544 kB
1783643135
VmHWM:	 9101200 kB
VmRSS:	 9101200 kB
1783643136
VmHWM:	 9163228 kB
VmRSS:	 9163228 kB
1783643137
VmHWM:	 9222744 kB
VmRSS:	 9222744 kB
1783643138
VmHWM:	 9287012 kB
VmRSS:	 9287012 kB
1783643139
VmHWM:	 9346668 kB
VmRSS:	 9346668 kB
1783643140
VmHWM:	 9352744 kB
VmRSS:	 9352744 kB
1783643141
VmHWM:	 9352744 kB
VmRSS:	 9352744 kB
1783643142
VmHWM:	 9352744 kB
VmRSS:	 9352744 kB
1783643143
VmHWM:	 9370944 kB
VmRSS:	 9370944 kB
1783643144
VmHWM:	 9432940 kB
VmRSS:	 9432940 kB
1783643145
VmHWM:	 9494616 kB
VmRSS:	 9494616 kB
1783643146
VmHWM:	 9555304 kB
VmRSS:	 9555304 kB
1783643147
VmHWM:	 9615456 kB
VmRSS:	 9615456 kB
1783643148
VmHWM:	 9676916 kB
VmRSS:	 9676916 kB
1783643149
VmHWM:	 9737480 kB
VmRSS:	 9737480 kB
1783643150
VmHWM:	 9796708 kB
VmRSS:	 9796708 kB
1783643151
VmHWM:	 9857084 kB
VmRSS:	 9857084 kB
1783643152
VmHWM:	 9916524 kB
VmRSS:	 9916524 kB
1783643153
VmHWM:	 9976832 kB
VmRSS:	 9976832 kB
1783643154
VmHWM:	10036324 kB
VmRSS:	10036324 kB
1783643155
VmHWM:	10056668 kB
VmRSS:	10056668 kB
1783643156
VmHWM:	10056668 kB
VmRSS:	10056668 kB
1783643157
VmHWM:	10056668 kB
VmRSS:	10056668 kB
1783643158
VmHWM:	10056668 kB
VmRSS:	10056668 kB
1783643159
VmHWM:	10101696 kB
VmRSS:	10101696 kB
1783643160
VmHWM:	10159028 kB
VmRSS:	10159028 kB
1783643161
VmHWM:	10220684 kB
VmRSS:	10220684 kB
1783643162
VmHWM:	10279588 kB
VmRSS:	10279588 kB
1783643163
VmHWM:	10341308 kB
VmRSS:	10341308 kB
1783643164
VmHWM:	10399400 kB
VmRSS:	10399400 kB
1783643165
VmHWM:	10459660 kB
VmRSS:	10459660 kB
1783643166
VmHWM:	10517756 kB
VmRSS:	10517756 kB
1783643167
VmHWM:	10577300 kB
VmRSS:	10577300 kB
1783643168
VmHWM:	10634356 kB
VmRSS:	10634356 kB
1783643169
VmHWM:	10693472 kB
VmRSS:	10693472 kB
1783643170
VmHWM:	10755180 kB
VmRSS:	10755180 kB
1783643171
VmHWM:	10813292 kB
VmRSS:	10813292 kB
1783643172
VmHWM:	10817216 kB
VmRSS:	10817216 kB
1783643173
VmHWM:	10817216 kB
VmRSS:	10817216 kB
1783643174
VmHWM:	10817216 kB
VmRSS:	10817216 kB
1783643175
VmHWM:	10817216 kB
VmRSS:	10817216 kB
1783643176
VmHWM:	10860480 kB
VmRSS:	10860480 kB
1783643177
VmHWM:	10918556 kB
VmRSS:	10918556 kB
1783643178
VmHWM:	10976656 kB
VmRSS:	10976656 kB
1783643179
VmHWM:	11038376 kB
VmRSS:	11038376 kB
1783643180
VmHWM:	11096468 kB
VmRSS:	11096468 kB
1783643181
VmHWM:	11154552 kB
VmRSS:	11154552 kB
1783643182
VmHWM:	11214808 kB
VmRSS:	11214808 kB
1783643183
VmHWM:	11274368 kB
VmRSS:	11274368 kB
1783643184
VmHWM:	11332444 kB
VmRSS:	11332444 kB
1783643185
VmHWM:	11391640 kB
VmRSS:	11391640 kB
1783643186
VmHWM:	11452264 kB
VmRSS:	11452264 kB
1783643187
VmHWM:	11510372 kB
VmRSS:	11510372 kB
1783643188
VmHWM:	11816528 kB
VmRSS:	11816528 kB
1783643189
VmHWM:	11818392 kB
VmRSS:	11818392 kB
1783643190
VmHWM:	11818392 kB
VmRSS:	11818392 kB
1783643191
VmHWM:	11818392 kB
VmRSS:	11818392 kB
1783643192
VmHWM:	11818392 kB
VmRSS:	11818392 kB
1783643193
VmHWM:	12148460 kB
VmRSS:	12148460 kB
1783643194
VmHWM:	13049972 kB
VmRSS:	13049972 kB
1783643195
VmHWM:	13958580 kB
VmRSS:	13958580 kB
1783643196
VmHWM:	14333680 kB
VmRSS:	14333680 kB
1783643197
VmHWM:	14333680 kB
VmRSS:	14333680 kB
1783643198
VmHWM:	14333680 kB
VmRSS:	14333680 kB
1783643199
VmHWM:	14333680 kB
VmRSS:	14333680 kB
1783643200
VmHWM:	14333680 kB
VmRSS:	14333680 kB
1783643201
VmHWM:	14333680 kB
VmRSS:	14333680 kB
1783643202
VmHWM:	14531972 kB
VmRSS:	14531972 kB
1783643203
VmHWM:	14934644 kB
VmRSS:	14934644 kB
1783643204
VmHWM:	15332420 kB
VmRSS:	15332420 kB
1783643205
VmHWM:	15468724 kB
VmRSS:	15468724 kB
1783643206
VmHWM:	15483208 kB
VmRSS:	15483208 kB
1783643207
VmHWM:	15490560 kB
VmRSS:	15490560 kB
1783643208
VmHWM:	15592880 kB
VmRSS:	15592880 kB
1783643209
VmHWM:	15917988 kB
VmRSS:	15909992 kB
1783643210
VmHWM:	15917988 kB
VmRSS:	15860924 kB
1783643211
VmHWM:	15917988 kB
VmRSS:	14190844 kB
1783643212
VmHWM:	15917988 kB
VmRSS:	14191092 kB
1783643213
VmHWM:	15917988 kB
VmRSS:	14191104 kB
1783643214
VmHWM:	15917988 kB
VmRSS:	14191108 kB
1783643215
VmHWM:	15917988 kB
VmRSS:	14191108 kB
1783643216
VmHWM:	15917988 kB
VmRSS:	14191108 kB
1783643217
VmHWM:	15917988 kB
VmRSS:	14191108 kB
1783643218
VmHWM:	15917988 kB
VmRSS:	14191112 kB
1783643219
VmHWM:	15917988 kB
VmRSS:	14191112 kB
1783643220
VmHWM:	15917988 kB
VmRSS:	14191112 kB
1783643221
VmHWM:	15917988 kB
VmRSS:	14191112 kB
1783643222
VmHWM:	15917988 kB
VmRSS:	14191112 kB
1783643223
VmHWM:	15917988 kB
VmRSS:	14191112 kB
1783643224
VmHWM:	15917988 kB
VmRSS:	14191112 kB
1783643225
VmHWM:	15917988 kB
VmRSS:	14191112 kB
1783643226
VmHWM:	15917988 kB
VmRSS:	14191112 kB
1783643227
VmHWM:	15917988 kB
VmRSS:	14191112 kB
1783643228
VmHWM:	15917988 kB
VmRSS:	14191112 kB
1783643229
VmHWM:	15917988 kB
VmRSS:	14191112 kB
1783643230
VmHWM:	15917988 kB
VmRSS:	14191112 kB
1783643231
VmHWM:	15917988 kB
VmRSS:	14191112 kB
1783643232
VmHWM:	15917988 kB
VmRSS:	14191112 kB
1783643233
VmHWM:	15917988 kB
VmRSS:	14191112 kB
1783643234
VmHWM:	15917988 kB
VmRSS:	14191112 kB
1783643235
VmHWM:	15917988 kB
VmRSS:	14191112 kB
1783643236
VmHWM:	15917988 kB
VmRSS:	14191112 kB
1783643237
VmHWM:	15917988 kB
VmRSS:	14191112 kB
1783643238
VmHWM:	15917988 kB
VmRSS:	14191112 kB
1783643239
VmHWM:	15917988 kB
VmRSS:	14191112 kB
1783643240
VmHWM:	15917988 kB
VmRSS:	14191112 kB
1783643241
VmHWM:	15917988 kB
VmRSS:	14191112 kB
1783643242
VmHWM:	15917988 kB
VmRSS:	14191112 kB
1783643243
VmHWM:	15917988 kB
VmRSS:	14191112 kB
1783643244
VmHWM:	15917988 kB
VmRSS:	14191112 kB
1783643245
VmHWM:	15917988 kB
VmRSS:	14191112 kB
1783643246
VmHWM:	15917988 kB
VmRSS:	 9929224 kB
1783643247
VmHWM:	15917988 kB
VmRSS:	 3889104 kB
1783643248
VmHWM:	15917988 kB
VmRSS:	 1997672 kB
